starting task 1..
starting task 2..
starting task 3..
starting task 4..
starting task 5..
starting task 6..
starting task 7..
starting task 8..
starting task 9..
starting task 10..
starting task 11..
starting task 12..
starting task 13..
starting task 14..
starting task 15..
starting task 16..
starting task 17..
starting task 18..
starting task 19..
starting task 20..
starting task 21..
starting task 22..
starting task 23..
starting task 24..
starting task 25..
starting task 26..
starting task 27..
starting task 28..
starting task 29..
starting task 30..
starting task 31..
starting task 32..
starting task 33..
starting task 34..
starting task 35..
starting task 36..
starting task 37..
starting task 38..
starting task 39..
starting task 40..
starting task 41..
starting task 42..
starting task 43..
starting task 44..
starting task 45..
starting task 46..
starting task 47..
starting task 48..
starting task 49..
[1] "18"
[1] 18
[1] "26"
[1] 26
[1] "41"
[1] 41
[1] "43"
[1] 43
[1] "30"
[1] 30
[1] "5"
[1] 5
[1] "14"
[1] 14
[1] "19"
[1] 19
[1] "21"
[1] 21
[1] "27"
[1] 27
[1] "23"
[1] 23
[1] "10"
[1] 10
[1] "13"
[1] 13
[1] "12"
[1] 12
[1] "11"
[1] 11
[1] "22"
[1] 22
[1] "6"
[1] 6
[1] "25"
[1] 25
[1] "39"
[1] 39
[1] "7"
[1] 7
[1] "24"
[1] 24
[1] "16"
[1] 16
[1] "49"
[1] 49
[1] "3"
[1] 3
[1] "32"
[1] 32
[1] "38"
[1] 38
[1] "47"
[1] 47
[1] "1"
[1] 1
[1] "44"
[1] 44
[1] "28"
[1] 28
[1] "36"
[1] 36
[1] "20"
[1] 20
[1] "17"
[1] 17
[1] "46"
[1] 46
[1] "42"
[1] 42
[1] "35"
[1] 35
[1] "2"
[1] 2
[1] "15"
[1] 15
[1] "8"
[1] 8
[1] "33"
[1] 33
[1] "37"
[1] 37
[1] "29"
[1] 29
[1] "4"
[1] 4
[1] "40"
[1] 40
[1] "45"
[1] 45
[1] "34"
[1] 34
[1] "48"
[1] 48
[1] "9"
[1] 9
[1] "31"
[1] 31
                    Estimate    SE 95%CI_lower 95%CI_upper
gene1_fix_intercept   -0.007 0.010      -0.028       0.013
gene1_fix_year_1       0.035 0.010       0.015       0.054
gene1_fix_year_2      -0.187 0.023      -0.233      -0.141
gene1_fix_year_3      -0.367 0.044      -0.454      -0.281
Surv_gamma_x           0.957 0.048       0.864       1.051
gene1_alpha            1.101 0.142       0.822       1.379
Weibull_shape          3.020 0.101       2.828       3.225
Weibull_scale          9.553 0.621       8.410      10.852
                    Estimate    SE 95%CI_lower 95%CI_upper
gene1_fix_intercept    0.000 0.010      -0.020       0.020
gene1_fix_year_1      -0.014 0.010      -0.034       0.006
gene1_fix_year_2      -0.243 0.026      -0.295      -0.192
gene1_fix_year_3      -0.428 0.051      -0.527      -0.329
Surv_gamma_x           0.991 0.048       0.896       1.086
gene1_alpha            1.235 0.153       0.935       1.535
Weibull_shape          3.019 0.099       2.832       3.220
Weibull_scale          9.761 0.647       8.571      11.117
                    Estimate    SE 95%CI_lower 95%CI_upper
gene1_fix_intercept   -0.003 0.011      -0.024       0.018
gene1_fix_year_1       0.038 0.010       0.019       0.057
gene1_fix_year_2      -0.117 0.022      -0.159      -0.074
gene1_fix_year_3      -0.229 0.041      -0.309      -0.149
Surv_gamma_x           1.027 0.047       0.934       1.120
gene1_alpha            1.057 0.137       0.789       1.325
Weibull_shape          3.107 0.102       2.913       3.314
Weibull_scale          9.485 0.581       8.413      10.694
                    Estimate    SE 95%CI_lower 95%CI_upper
gene1_fix_intercept   -0.013 0.011      -0.034       0.008
gene1_fix_year_1      -0.010 0.010      -0.029       0.009
gene1_fix_year_2      -0.053 0.023      -0.097      -0.008
gene1_fix_year_3      -0.110 0.043      -0.194      -0.026
Surv_gamma_x           1.066 0.050       0.968       1.163
gene1_alpha            0.981 0.134       0.719       1.244
Weibull_shape          2.957 0.095       2.777       3.150
Weibull_scale         11.217 0.782       9.785      12.859
                    Estimate    SE 95%CI_lower 95%CI_upper
gene1_fix_intercept   -0.007 0.011      -0.028       0.014
gene1_fix_year_1       0.007 0.009      -0.011       0.024
gene1_fix_year_2      -0.089 0.018      -0.126      -0.053
gene1_fix_year_3      -0.167 0.034      -0.234      -0.101
Surv_gamma_x           1.039 0.048       0.944       1.133
gene1_alpha            1.082 0.130       0.826       1.337
Weibull_shape          3.009 0.098       2.823       3.207
Weibull_scale         10.177 0.662       8.960      11.560
                    Estimate    SE 95%CI_lower 95%CI_upper
gene1_fix_intercept    0.006 0.011      -0.015       0.027
gene1_fix_year_1      -0.047 0.010      -0.067      -0.028
gene1_fix_year_2      -0.089 0.024      -0.136      -0.043
gene1_fix_year_3      -0.115 0.045      -0.203      -0.026
Surv_gamma_x           0.975 0.044       0.889       1.062
gene1_alpha            1.114 0.135       0.850       1.378
Weibull_shape          3.029 0.096       2.845       3.224
Weibull_scale          9.496 0.568       8.446      10.676
                    Estimate    SE 95%CI_lower 95%CI_upper
gene1_fix_intercept    0.017 0.011      -0.004       0.039
gene1_fix_year_1       0.008 0.009      -0.009       0.025
gene1_fix_year_2      -0.093 0.016      -0.125      -0.061
gene1_fix_year_3      -0.169 0.029      -0.226      -0.112
Surv_gamma_x           0.995 0.047       0.904       1.086
gene1_alpha            1.086 0.132       0.828       1.345
Weibull_shape          2.999 0.096       2.816       3.193
Weibull_scale          9.818 0.609       8.694      11.088
                    Estimate    SE 95%CI_lower 95%CI_upper
gene1_fix_intercept   -0.006 0.011      -0.027       0.014
gene1_fix_year_1       0.030 0.009       0.013       0.047
gene1_fix_year_2      -0.063 0.016      -0.095      -0.032
gene1_fix_year_3      -0.146 0.029      -0.202      -0.089
Surv_gamma_x           0.954 0.046       0.864       1.045
gene1_alpha            0.989 0.139       0.717       1.262
Weibull_shape          2.909 0.095       2.729       3.100
Weibull_scale          9.545 0.628       8.391      10.859
                    Estimate    SE 95%CI_lower 95%CI_upper
gene1_fix_intercept   -0.006 0.011      -0.027       0.015
gene1_fix_year_1      -0.040 0.010      -0.060      -0.020
gene1_fix_year_2      -0.023 0.024      -0.069       0.024
gene1_fix_year_3      -0.027 0.045      -0.116       0.062
Surv_gamma_x           1.052 0.047       0.960       1.144
gene1_alpha            1.318 0.135       1.053       1.582
Weibull_shape          3.051 0.099       2.862       3.252
Weibull_scale         10.382 0.657       9.171      11.753
                    Estimate    SE 95%CI_lower 95%CI_upper
gene1_fix_intercept   -0.007 0.011      -0.028       0.013
gene1_fix_year_1      -0.030 0.009      -0.047      -0.013
gene1_fix_year_2      -0.010 0.017      -0.043       0.024
gene1_fix_year_3      -0.020 0.031      -0.080       0.041
Surv_gamma_x           0.987 0.047       0.895       1.079
gene1_alpha            1.084 0.136       0.818       1.350
Weibull_shape          3.102 0.100       2.911       3.305
Weibull_scale          9.372 0.573       8.315      10.565
                    Estimate    SE 95%CI_lower 95%CI_upper
gene1_fix_intercept    0.002 0.010      -0.019       0.022
gene1_fix_year_1      -0.022 0.009      -0.039      -0.004
gene1_fix_year_2      -0.080 0.017      -0.113      -0.047
gene1_fix_year_3      -0.134 0.030      -0.193      -0.074
Surv_gamma_x           0.996 0.047       0.904       1.088
gene1_alpha            1.071 0.140       0.796       1.346
Weibull_shape          3.047 0.100       2.858       3.249
Weibull_scale         10.050 0.636       8.877      11.377
                    Estimate    SE 95%CI_lower 95%CI_upper
gene1_fix_intercept    0.000 0.011      -0.022       0.021
gene1_fix_year_1       0.002 0.009      -0.016       0.019
gene1_fix_year_2      -0.215 0.017      -0.247      -0.182
gene1_fix_year_3      -0.375 0.029      -0.432      -0.317
Surv_gamma_x           1.012 0.048       0.917       1.107
gene1_alpha            1.075 0.136       0.808       1.342
Weibull_shape          2.961 0.100       2.771       3.164
Weibull_scale         10.750 0.729       9.412      12.277
                    Estimate    SE 95%CI_lower 95%CI_upper
gene1_fix_intercept    0.020 0.011      -0.001       0.041
gene1_fix_year_1       0.030 0.009       0.012       0.048
gene1_fix_year_2      -0.118 0.018      -0.154      -0.082
gene1_fix_year_3      -0.237 0.034      -0.303      -0.171
Surv_gamma_x           0.997 0.047       0.905       1.088
gene1_alpha            0.910 0.136       0.644       1.176
Weibull_shape          3.005 0.096       2.822       3.199
Weibull_scale          9.995 0.631       8.831      11.312
                    Estimate    SE 95%CI_lower 95%CI_upper
gene1_fix_intercept   -0.002 0.011      -0.023       0.019
gene1_fix_year_1       0.003 0.009      -0.016       0.021
gene1_fix_year_2      -0.194 0.018      -0.230      -0.158
gene1_fix_year_3      -0.376 0.034      -0.442      -0.310
Surv_gamma_x           0.979 0.046       0.889       1.068
gene1_alpha            1.096 0.135       0.831       1.361
Weibull_shape          3.045 0.100       2.856       3.246
Weibull_scale          9.295 0.556       8.266      10.451
                    Estimate    SE 95%CI_lower 95%CI_upper
gene1_fix_intercept    0.004 0.010      -0.016       0.024
gene1_fix_year_1       0.002 0.010      -0.017       0.022
gene1_fix_year_2      -0.185 0.024      -0.231      -0.139
gene1_fix_year_3      -0.358 0.045      -0.447      -0.270
Surv_gamma_x           0.955 0.047       0.862       1.048
gene1_alpha            0.962 0.132       0.702       1.221
Weibull_shape          2.939 0.095       2.758       3.131
Weibull_scale          9.625 0.631       8.465      10.944
                    Estimate    SE 95%CI_lower 95%CI_upper
gene1_fix_intercept    0.003 0.011      -0.017       0.024
gene1_fix_year_1       0.014 0.010      -0.005       0.033
gene1_fix_year_2      -0.131 0.022      -0.174      -0.089
gene1_fix_year_3      -0.252 0.041      -0.332      -0.172
Surv_gamma_x           1.004 0.050       0.906       1.103
gene1_alpha            1.050 0.146       0.765       1.336
Weibull_shape          3.067 0.102       2.872       3.274
Weibull_scale          9.757 0.642       8.577      11.100
                    Estimate    SE 95%CI_lower 95%CI_upper
gene1_fix_intercept   -0.003 0.011      -0.024       0.018
gene1_fix_year_1       0.007 0.010      -0.013       0.026
gene1_fix_year_2      -0.098 0.020      -0.138      -0.057
gene1_fix_year_3      -0.190 0.038      -0.265      -0.115
Surv_gamma_x           1.035 0.048       0.941       1.129
gene1_alpha            1.234 0.142       0.957       1.512
Weibull_shape          3.022 0.097       2.838       3.219
Weibull_scale         10.404 0.643       9.217      11.745
                    Estimate    SE 95%CI_lower 95%CI_upper
gene1_fix_intercept   -0.005 0.011      -0.025       0.016
gene1_fix_year_1      -0.001 0.009      -0.020       0.017
gene1_fix_year_2      -0.209 0.019      -0.246      -0.172
gene1_fix_year_3      -0.400 0.035      -0.468      -0.332
Surv_gamma_x           1.019 0.048       0.925       1.112
gene1_alpha            1.109 0.132       0.850       1.367
Weibull_shape          3.206 0.103       3.010       3.415
Weibull_scale          9.061 0.537       8.068      10.178
                    Estimate    SE 95%CI_lower 95%CI_upper
gene1_fix_intercept   -0.005 0.011      -0.026       0.016
gene1_fix_year_1      -0.022 0.009      -0.039      -0.005
gene1_fix_year_2      -0.177 0.017      -0.210      -0.143
gene1_fix_year_3      -0.319 0.031      -0.380      -0.258
Surv_gamma_x           0.956 0.046       0.865       1.046
gene1_alpha            1.345 0.140       1.071       1.620
Weibull_shape          3.069 0.102       2.876       3.276
Weibull_scale          8.845 0.526       7.871       9.940
                    Estimate    SE 95%CI_lower 95%CI_upper
gene1_fix_intercept   -0.014 0.011      -0.036       0.008
gene1_fix_year_1      -0.011 0.010      -0.030       0.008
gene1_fix_year_2      -0.046 0.021      -0.087      -0.006
gene1_fix_year_3      -0.081 0.039      -0.157      -0.005
Surv_gamma_x           0.993 0.046       0.903       1.082
gene1_alpha            1.230 0.136       0.963       1.497
Weibull_shape          3.046 0.098       2.861       3.244
Weibull_scale          9.481 0.585       8.401      10.700
                    Estimate    SE 95%CI_lower 95%CI_upper
gene1_fix_intercept   -0.008 0.011      -0.028       0.013
gene1_fix_year_1       0.015 0.009      -0.003       0.033
gene1_fix_year_2      -0.131 0.018      -0.167      -0.095
gene1_fix_year_3      -0.240 0.033      -0.306      -0.175
Surv_gamma_x           1.051 0.050       0.953       1.149
gene1_alpha            0.831 0.142       0.552       1.109
Weibull_shape          2.976 0.096       2.794       3.169
Weibull_scale         10.604 0.715       9.292      12.102
                    Estimate    SE 95%CI_lower 95%CI_upper
gene1_fix_intercept   -0.003 0.011      -0.024       0.018
gene1_fix_year_1       0.019 0.008       0.003       0.036
gene1_fix_year_2      -0.168 0.015      -0.197      -0.140
gene1_fix_year_3      -0.305 0.025      -0.354      -0.255
Surv_gamma_x           0.941 0.046       0.851       1.031
gene1_alpha            1.155 0.136       0.888       1.421
Weibull_shape          2.930 0.095       2.749       3.122
Weibull_scale          9.313 0.601       8.206      10.569
                    Estimate    SE 95%CI_lower 95%CI_upper
gene1_fix_intercept    0.000 0.010      -0.020       0.021
gene1_fix_year_1      -0.022 0.009      -0.039      -0.004
gene1_fix_year_2      -0.098 0.018      -0.134      -0.062
gene1_fix_year_3      -0.180 0.034      -0.246      -0.115
Surv_gamma_x           0.993 0.047       0.901       1.086
gene1_alpha            1.248 0.138       0.977       1.518
Weibull_shape          3.106 0.099       2.918       3.306
Weibull_scale          9.246 0.540       8.246      10.367
                    Estimate    SE 95%CI_lower 95%CI_upper
gene1_fix_intercept    0.002 0.010      -0.018       0.022
gene1_fix_year_1      -0.031 0.009      -0.049      -0.012
gene1_fix_year_2      -0.080 0.021      -0.122      -0.039
gene1_fix_year_3      -0.130 0.040      -0.208      -0.052
Surv_gamma_x           1.037 0.050       0.940       1.134
gene1_alpha            1.049 0.150       0.756       1.342
Weibull_shape          3.111 0.101       2.918       3.315
Weibull_scale         10.263 0.666       9.037      11.655
                    Estimate    SE 95%CI_lower 95%CI_upper
gene1_fix_intercept   -0.003 0.010      -0.023       0.018
gene1_fix_year_1      -0.005 0.009      -0.022       0.012
gene1_fix_year_2      -0.073 0.016      -0.105      -0.040
gene1_fix_year_3      -0.125 0.030      -0.183      -0.067
Surv_gamma_x           1.037 0.050       0.940       1.134
gene1_alpha            1.054 0.147       0.766       1.341
Weibull_shape          3.092 0.103       2.896       3.301
Weibull_scale         10.135 0.665       8.913      11.526
                    Estimate    SE 95%CI_lower 95%CI_upper
gene1_fix_intercept   -0.014 0.010      -0.034       0.006
gene1_fix_year_1      -0.012 0.009      -0.030       0.006
gene1_fix_year_2      -0.234 0.020      -0.272      -0.196
gene1_fix_year_3      -0.421 0.036      -0.493      -0.350
Surv_gamma_x           0.972 0.045       0.884       1.060
gene1_alpha            1.135 0.142       0.855       1.414
Weibull_shape          2.944 0.096       2.762       3.138
Weibull_scale          9.652 0.608       8.531      10.920
                    Estimate    SE 95%CI_lower 95%CI_upper
gene1_fix_intercept   -0.018 0.011      -0.039       0.002
gene1_fix_year_1      -0.011 0.009      -0.028       0.006
gene1_fix_year_2      -0.091 0.017      -0.125      -0.057
gene1_fix_year_3      -0.156 0.031      -0.217      -0.094
Surv_gamma_x           0.983 0.047       0.891       1.074
gene1_alpha            1.114 0.134       0.850       1.378
Weibull_shape          2.950 0.095       2.770       3.143
Weibull_scale         10.026 0.638       8.850      11.358
                    Estimate    SE 95%CI_lower 95%CI_upper
gene1_fix_intercept    0.003 0.010      -0.017       0.023
gene1_fix_year_1      -0.015 0.010      -0.035       0.005
gene1_fix_year_2      -0.294 0.024      -0.340      -0.247
gene1_fix_year_3      -0.534 0.046      -0.624      -0.445
Surv_gamma_x           0.997 0.048       0.903       1.091
gene1_alpha            1.285 0.145       1.000       1.569
Weibull_shape          2.998 0.098       2.812       3.197
Weibull_scale          9.976 0.650       8.780      11.335
                    Estimate    SE 95%CI_lower 95%CI_upper
gene1_fix_intercept    0.010 0.011      -0.011       0.031
gene1_fix_year_1       0.046 0.010       0.026       0.066
gene1_fix_year_2      -0.335 0.023      -0.381      -0.289
gene1_fix_year_3      -0.641 0.045      -0.729      -0.553
Surv_gamma_x           0.997 0.046       0.908       1.087
gene1_alpha            1.032 0.126       0.784       1.279
Weibull_shape          3.072 0.096       2.891       3.265
Weibull_scale          9.253 0.549       8.236      10.394
                    Estimate    SE 95%CI_lower 95%CI_upper
gene1_fix_intercept   -0.001 0.011      -0.022       0.020
gene1_fix_year_1      -0.019 0.009      -0.037      -0.001
gene1_fix_year_2      -0.128 0.019      -0.165      -0.091
gene1_fix_year_3      -0.239 0.035      -0.308      -0.171
Surv_gamma_x           1.020 0.046       0.929       1.110
gene1_alpha            1.217 0.132       0.958       1.476
Weibull_shape          3.043 0.100       2.854       3.245
Weibull_scale         10.142 0.626       8.986      11.447
                    Estimate    SE 95%CI_lower 95%CI_upper
gene1_fix_intercept   -0.007 0.011      -0.028       0.013
gene1_fix_year_1      -0.007 0.009      -0.024       0.010
gene1_fix_year_2      -0.176 0.016      -0.208      -0.143
gene1_fix_year_3      -0.317 0.029      -0.374      -0.259
Surv_gamma_x           1.069 0.049       0.973       1.165
gene1_alpha            1.252 0.141       0.977       1.528
Weibull_shape          3.106 0.104       2.908       3.316
Weibull_scale         10.651 0.663       9.427      12.033
                    Estimate    SE 95%CI_lower 95%CI_upper
gene1_fix_intercept    0.028 0.011       0.008       0.049
gene1_fix_year_1      -0.010 0.009      -0.028       0.008
gene1_fix_year_2      -0.089 0.019      -0.126      -0.052
gene1_fix_year_3      -0.147 0.035      -0.215      -0.079
Surv_gamma_x           0.970 0.046       0.880       1.060
gene1_alpha            1.260 0.143       0.979       1.541
Weibull_shape          2.883 0.094       2.704       3.073
Weibull_scale         10.120 0.662       8.903      11.504
                    Estimate    SE 95%CI_lower 95%CI_upper
gene1_fix_intercept   -0.005 0.011      -0.026       0.016
gene1_fix_year_1      -0.005 0.009      -0.023       0.014
gene1_fix_year_2      -0.056 0.020      -0.095      -0.017
gene1_fix_year_3      -0.110 0.037      -0.182      -0.037
Surv_gamma_x           0.878 0.045       0.790       0.965
gene1_alpha            0.948 0.136       0.682       1.213
Weibull_shape          2.991 0.096       2.809       3.184
Weibull_scale          8.353 0.499       7.430       9.390
                    Estimate    SE 95%CI_lower 95%CI_upper
gene1_fix_intercept    0.001 0.011      -0.020       0.022
gene1_fix_year_1       0.007 0.009      -0.011       0.025
gene1_fix_year_2      -0.070 0.020      -0.109      -0.032
gene1_fix_year_3      -0.136 0.036      -0.207      -0.065
Surv_gamma_x           1.036 0.049       0.940       1.132
gene1_alpha            1.032 0.135       0.768       1.295
Weibull_shape          3.018 0.097       2.833       3.214
Weibull_scale         10.453 0.682       9.199      11.879
                    Estimate    SE 95%CI_lower 95%CI_upper
gene1_fix_intercept   -0.004 0.010      -0.024       0.017
gene1_fix_year_1      -0.005 0.009      -0.022       0.013
gene1_fix_year_2      -0.042 0.018      -0.077      -0.006
gene1_fix_year_3      -0.066 0.033      -0.130      -0.002
Surv_gamma_x           1.039 0.049       0.943       1.134
gene1_alpha            1.111 0.143       0.831       1.391
Weibull_shape          3.165 0.105       2.966       3.378
Weibull_scale          9.806 0.614       8.675      11.086
                    Estimate    SE 95%CI_lower 95%CI_upper
gene1_fix_intercept   -0.007 0.010      -0.027       0.013
gene1_fix_year_1       0.003 0.008      -0.013       0.019
gene1_fix_year_2      -0.088 0.015      -0.117      -0.058
gene1_fix_year_3      -0.165 0.027      -0.217      -0.113
Surv_gamma_x           0.910 0.045       0.821       0.998
gene1_alpha            0.903 0.134       0.639       1.166
Weibull_shape          2.950 0.095       2.770       3.142
Weibull_scale          8.927 0.555       7.903      10.084
                    Estimate    SE 95%CI_lower 95%CI_upper
gene1_fix_intercept   -0.001 0.010      -0.021       0.020
gene1_fix_year_1      -0.008 0.009      -0.026       0.010
gene1_fix_year_2      -0.194 0.020      -0.232      -0.155
gene1_fix_year_3      -0.348 0.036      -0.419      -0.276
Surv_gamma_x           1.099 0.048       1.006       1.192
gene1_alpha            1.209 0.144       0.927       1.491
Weibull_shape          3.148 0.105       2.950       3.360
Weibull_scale         10.610 0.636       9.434      11.933
                    Estimate    SE 95%CI_lower 95%CI_upper
gene1_fix_intercept    0.000 0.010      -0.020       0.020
gene1_fix_year_1      -0.039 0.011      -0.060      -0.017
gene1_fix_year_2      -0.261 0.030      -0.320      -0.202
gene1_fix_year_3      -0.486 0.060      -0.603      -0.369
Surv_gamma_x           1.028 0.050       0.930       1.127
gene1_alpha            1.371 0.149       1.080       1.663
Weibull_shape          2.967 0.098       2.781       3.167
Weibull_scale         10.610 0.713       9.301      12.104
                    Estimate    SE 95%CI_lower 95%CI_upper
gene1_fix_intercept    0.003 0.011      -0.018       0.024
gene1_fix_year_1       0.004 0.010      -0.016       0.024
gene1_fix_year_2      -0.174 0.023      -0.219      -0.129
gene1_fix_year_3      -0.328 0.044      -0.414      -0.242
Surv_gamma_x           1.034 0.049       0.937       1.130
gene1_alpha            1.040 0.138       0.769       1.311
Weibull_shape          2.834 0.093       2.658       3.023
Weibull_scale         11.747 0.821      10.244      13.471
                    Estimate    SE 95%CI_lower 95%CI_upper
gene1_fix_intercept   -0.001 0.010      -0.022       0.019
gene1_fix_year_1       0.020 0.009       0.002       0.038
gene1_fix_year_2      -0.128 0.018      -0.163      -0.093
gene1_fix_year_3      -0.251 0.032      -0.314      -0.187
Surv_gamma_x           0.993 0.048       0.900       1.086
gene1_alpha            1.087 0.142       0.808       1.365
Weibull_shape          2.805 0.092       2.629       2.992
Weibull_scale         10.818 0.763       9.421      12.422
                    Estimate    SE 95%CI_lower 95%CI_upper
gene1_fix_intercept   -0.009 0.011      -0.030       0.012
gene1_fix_year_1      -0.014 0.009      -0.032       0.004
gene1_fix_year_2      -0.131 0.017      -0.164      -0.097
gene1_fix_year_3      -0.229 0.031      -0.289      -0.168
Surv_gamma_x           1.026 0.050       0.929       1.123
gene1_alpha            1.360 0.140       1.086       1.634
Weibull_shape          3.074 0.102       2.882       3.280
Weibull_scale         10.163 0.681       8.911      11.590
                    Estimate    SE 95%CI_lower 95%CI_upper
gene1_fix_intercept    0.005 0.010      -0.015       0.026
gene1_fix_year_1      -0.002 0.009      -0.020       0.015
gene1_fix_year_2      -0.136 0.017      -0.169      -0.103
gene1_fix_year_3      -0.242 0.030      -0.301      -0.182
Surv_gamma_x           0.977 0.047       0.885       1.070
gene1_alpha            0.971 0.140       0.698       1.245
Weibull_shape          3.059 0.099       2.870       3.260
Weibull_scale          9.301 0.566       8.254      10.480
                    Estimate    SE 95%CI_lower 95%CI_upper
gene1_fix_intercept    0.005 0.011      -0.016       0.026
gene1_fix_year_1      -0.031 0.010      -0.050      -0.013
gene1_fix_year_2      -0.148 0.021      -0.189      -0.108
gene1_fix_year_3      -0.256 0.039      -0.332      -0.179
Surv_gamma_x           1.006 0.046       0.916       1.097
gene1_alpha            1.419 0.138       1.148       1.691
Weibull_shape          3.051 0.099       2.862       3.252
Weibull_scale          9.514 0.586       8.432      10.735
                    Estimate    SE 95%CI_lower 95%CI_upper
gene1_fix_intercept   -0.004 0.010      -0.024       0.015
gene1_fix_year_1       0.005 0.011      -0.016       0.026
gene1_fix_year_2      -0.213 0.026      -0.265      -0.162
gene1_fix_year_3      -0.405 0.051      -0.505      -0.305
Surv_gamma_x           1.040 0.049       0.944       1.136
gene1_alpha            0.870 0.146       0.583       1.157
Weibull_shape          2.915 0.097       2.731       3.111
Weibull_scale         10.788 0.736       9.438      12.331
                    Estimate    SE 95%CI_lower 95%CI_upper
gene1_fix_intercept    0.001 0.011      -0.019       0.022
gene1_fix_year_1      -0.043 0.009      -0.061      -0.025
gene1_fix_year_2      -0.084 0.020      -0.123      -0.046
gene1_fix_year_3      -0.134 0.037      -0.205      -0.062
Surv_gamma_x           1.079 0.049       0.983       1.175
gene1_alpha            1.198 0.150       0.905       1.492
Weibull_shape          3.162 0.105       2.963       3.375
Weibull_scale         10.479 0.660       9.262      11.857
                    Estimate    SE 95%CI_lower 95%CI_upper
gene1_fix_intercept    0.030 0.011       0.010       0.051
gene1_fix_year_1       0.020 0.010       0.000       0.040
gene1_fix_year_2      -0.110 0.024      -0.157      -0.064
gene1_fix_year_3      -0.225 0.045      -0.314      -0.137
Surv_gamma_x           0.961 0.048       0.868       1.055
gene1_alpha            1.040 0.142       0.762       1.318
Weibull_shape          2.840 0.095       2.661       3.032
Weibull_scale         10.405 0.745       9.043      11.973
                    Estimate    SE 95%CI_lower 95%CI_upper
gene1_fix_intercept   -0.010 0.011      -0.032       0.011
gene1_fix_year_1      -0.017 0.009      -0.036       0.001
gene1_fix_year_2      -0.179 0.018      -0.215      -0.144
gene1_fix_year_3      -0.318 0.033      -0.382      -0.253
Surv_gamma_x           1.004 0.046       0.913       1.095
gene1_alpha            1.231 0.140       0.957       1.505
Weibull_shape          2.916 0.094       2.737       3.107
Weibull_scale         10.396 0.674       9.156      11.803
                    Estimate    SE 95%CI_lower 95%CI_upper
gene1_fix_intercept    0.000 0.011      -0.020       0.021
gene1_fix_year_1       0.000 0.009      -0.018       0.018
gene1_fix_year_2      -0.071 0.017      -0.105      -0.037
gene1_fix_year_3      -0.119 0.031      -0.180      -0.058
Surv_gamma_x           1.054 0.048       0.960       1.148
gene1_alpha            1.087 0.142       0.808       1.365
Weibull_shape          2.977 0.097       2.793       3.172
Weibull_scale         11.081 0.701       9.789      12.544
                    Estimate    SE 95%CI_lower 95%CI_upper
gene1_fix_intercept   -0.002 0.011      -0.023       0.018
gene1_fix_year_1       0.030 0.009       0.012       0.048
gene1_fix_year_2      -0.118 0.018      -0.155      -0.082
gene1_fix_year_3      -0.251 0.034      -0.318      -0.184
Surv_gamma_x           0.991 0.047       0.899       1.083
gene1_alpha            1.261 0.138       0.990       1.531
Weibull_shape          3.112 0.102       2.919       3.317
Weibull_scale          9.345 0.551       8.325      10.491
starting task 50..
starting task 51..
starting task 52..
starting task 53..
starting task 54..
starting task 55..
starting task 56..
starting task 57..
starting task 58..
starting task 59..
starting task 60..
starting task 61..
starting task 62..
starting task 63..
starting task 64..
starting task 65..
starting task 66..
starting task 67..
starting task 68..
starting task 69..
starting task 70..
starting task 71..
starting task 72..
starting task 73..
starting task 74..
starting task 75..
starting task 76..
starting task 77..
starting task 78..
starting task 79..
starting task 80..
starting task 81..
starting task 82..
starting task 83..
starting task 84..
starting task 85..
starting task 86..
starting task 87..
starting task 88..
starting task 89..
starting task 90..
starting task 91..
starting task 92..
starting task 93..
starting task 94..
starting task 95..
starting task 96..
starting task 97..
starting task 98..
starting task 99..
[1] "90"
[1] 90
[1] "87"
[1] 87
[1] "79"
[1] 79
[1] "91"
[1] 91
[1] "92"
[1] 92
[1] "82"
[1] 82
[1] "99"
[1] 99
[1] "70"
[1] 70
[1] "74"
[1] 74
[1] "71"
[1] 71
[1] "68"
[1] 68
[1] "93"
[1] 93
[1] "97"
[1] 97
[1] "94"
[1] 94
[1] "89"
[1] 89
[1] "95"
[1] 95
[1] "81"
[1] 81
[1] "72"
[1] 72
[1] "56"
[1] 56
[1] "57"
[1] 57
[1] "54"
[1] 54
[1] "98"
[1] 98
[1] "63"
[1] 63
[1] "84"
[1] 84
[1] "76"
[1] 76
[1] "83"
[1] 83
[1] "64"
[1] 64
[1] "96"
[1] 96
[1] "77"
[1] 77
[1] "67"
[1] 67
[1] "86"
[1] 86
[1] "73"
[1] 73
[1] "59"
[1] 59
[1] "80"
[1] 80
[1] "85"
[1] 85
[1] "58"
[1] 58
[1] "50"
[1] 50
[1] "60"
[1] 60
[1] "75"
[1] 75
[1] "88"
[1] 88
[1] "52"
[1] 52
[1] "62"
[1] "65"
[1] 62
[1] 65
[1] "55"
[1] 55
[1] "53"
[1] 53
[1] "69"
[1] 69
[1] "51"
[1] 51
[1] "66"
[1] 66
[1] "61"
[1] 61
[1] "78"
[1] 78
                    Estimate    SE 95%CI_lower 95%CI_upper
gene1_fix_intercept    0.009 0.010      -0.011       0.029
gene1_fix_year_1       0.008 0.008      -0.008       0.025
gene1_fix_year_2      -0.086 0.016      -0.117      -0.056
gene1_fix_year_3      -0.154 0.028      -0.208      -0.100
Surv_gamma_x           0.985 0.046       0.894       1.076
gene1_alpha            1.044 0.143       0.764       1.323
Weibull_shape          3.109 0.100       2.919       3.310
Weibull_scale          9.610 0.596       8.510      10.852
                    Estimate    SE 95%CI_lower 95%CI_upper
gene1_fix_intercept    0.021 0.011       0.000       0.041
gene1_fix_year_1       0.013 0.009      -0.005       0.031
gene1_fix_year_2      -0.203 0.018      -0.239      -0.167
gene1_fix_year_3      -0.378 0.033      -0.443      -0.313
Surv_gamma_x           0.979 0.047       0.888       1.071
gene1_alpha            0.942 0.134       0.680       1.204
Weibull_shape          3.166 0.102       2.973       3.372
Weibull_scale          8.831 0.535       7.842       9.945
                    Estimate    SE 95%CI_lower 95%CI_upper
gene1_fix_intercept    0.009 0.010      -0.012       0.029
gene1_fix_year_1       0.009 0.008      -0.007       0.026
gene1_fix_year_2      -0.119 0.014      -0.147      -0.090
gene1_fix_year_3      -0.217 0.024      -0.265      -0.169
Surv_gamma_x           0.965 0.046       0.874       1.055
gene1_alpha            1.164 0.146       0.878       1.450
Weibull_shape          3.063 0.101       2.872       3.267
Weibull_scale          9.360 0.581       8.288      10.571
                    Estimate    SE 95%CI_lower 95%CI_upper
gene1_fix_intercept   -0.009 0.011      -0.030       0.012
gene1_fix_year_1      -0.027 0.010      -0.046      -0.008
gene1_fix_year_2      -0.186 0.021      -0.227      -0.144
gene1_fix_year_3      -0.319 0.040      -0.397      -0.241
Surv_gamma_x           1.044 0.049       0.947       1.140
gene1_alpha            1.306 0.139       1.033       1.579
Weibull_shape          3.124 0.106       2.922       3.339
Weibull_scale         10.314 0.657       9.104      11.685
                    Estimate    SE 95%CI_lower 95%CI_upper
gene1_fix_intercept    0.001 0.011      -0.020       0.021
gene1_fix_year_1      -0.019 0.009      -0.037      -0.001
gene1_fix_year_2       0.008 0.017      -0.026       0.042
gene1_fix_year_3       0.014 0.031      -0.047       0.075
Surv_gamma_x           1.011 0.048       0.917       1.105
gene1_alpha            0.992 0.140       0.718       1.265
Weibull_shape          3.160 0.102       2.967       3.365
Weibull_scale          9.548 0.573       8.488      10.741
                    Estimate    SE 95%CI_lower 95%CI_upper
gene1_fix_intercept    0.001 0.011      -0.020       0.022
gene1_fix_year_1      -0.005 0.009      -0.022       0.012
gene1_fix_year_2      -0.130 0.016      -0.161      -0.100
gene1_fix_year_3      -0.242 0.028      -0.297      -0.188
Surv_gamma_x           1.100 0.050       1.001       1.198
gene1_alpha            1.086 0.133       0.826       1.346
Weibull_shape          2.916 0.096       2.734       3.110
Weibull_scale         12.025 0.847      10.475      13.804
                    Estimate    SE 95%CI_lower 95%CI_upper
gene1_fix_intercept    0.015 0.010      -0.005       0.035
gene1_fix_year_1       0.022 0.010       0.003       0.041
gene1_fix_year_2      -0.244 0.023      -0.288      -0.200
gene1_fix_year_3      -0.490 0.043      -0.574      -0.405
Surv_gamma_x           1.062 0.050       0.964       1.161
gene1_alpha            1.386 0.144       1.103       1.670
Weibull_shape          3.076 0.100       2.885       3.279
Weibull_scale         10.574 0.705       9.279      12.050
                    Estimate    SE 95%CI_lower 95%CI_upper
gene1_fix_intercept    0.005 0.011      -0.016       0.026
gene1_fix_year_1      -0.023 0.009      -0.042      -0.005
gene1_fix_year_2      -0.119 0.019      -0.156      -0.081
gene1_fix_year_3      -0.222 0.035      -0.291      -0.153
Surv_gamma_x           1.090 0.049       0.994       1.185
gene1_alpha            1.252 0.144       0.970       1.533
Weibull_shape          3.185 0.106       2.985       3.399
Weibull_scale         10.327 0.614       9.192      11.602
                    Estimate    SE 95%CI_lower 95%CI_upper
gene1_fix_intercept   -0.013 0.011      -0.034       0.008
gene1_fix_year_1       0.029 0.010       0.009       0.048
gene1_fix_year_2      -0.298 0.023      -0.343      -0.252
gene1_fix_year_3      -0.565 0.044      -0.652      -0.479
Surv_gamma_x           0.996 0.048       0.902       1.089
gene1_alpha            1.174 0.136       0.907       1.441
Weibull_shape          2.997 0.099       2.809       3.198
Weibull_scale          9.954 0.643       8.770      11.296
                    Estimate    SE 95%CI_lower 95%CI_upper
gene1_fix_intercept   -0.002 0.010      -0.022       0.018
gene1_fix_year_1       0.008 0.009      -0.010       0.026
gene1_fix_year_2      -0.272 0.019      -0.309      -0.236
gene1_fix_year_3      -0.505 0.035      -0.573      -0.437
Surv_gamma_x           1.001 0.048       0.906       1.095
gene1_alpha            1.175 0.146       0.890       1.460
Weibull_shape          3.116 0.103       2.922       3.324
Weibull_scale          9.325 0.590       8.237      10.557
                    Estimate    SE 95%CI_lower 95%CI_upper
gene1_fix_intercept    0.000 0.010      -0.021       0.020
gene1_fix_year_1       0.014 0.008      -0.002       0.030
gene1_fix_year_2      -0.126 0.015      -0.155      -0.097
gene1_fix_year_3      -0.233 0.026      -0.283      -0.182
Surv_gamma_x           1.029 0.049       0.933       1.125
gene1_alpha            1.138 0.135       0.872       1.403
Weibull_shape          3.005 0.098       2.818       3.204
Weibull_scale         10.589 0.697       9.308      12.046
                    Estimate    SE 95%CI_lower 95%CI_upper
gene1_fix_intercept    0.000 0.011      -0.020       0.021
gene1_fix_year_1      -0.026 0.009      -0.044      -0.007
gene1_fix_year_2      -0.028 0.020      -0.067       0.010
gene1_fix_year_3      -0.061 0.036      -0.132       0.011
Surv_gamma_x           0.966 0.046       0.876       1.057
gene1_alpha            1.043 0.142       0.765       1.322
Weibull_shape          3.010 0.097       2.825       3.207
Weibull_scale          9.530 0.606       8.414      10.794
                    Estimate    SE 95%CI_lower 95%CI_upper
gene1_fix_intercept    0.008 0.011      -0.013       0.029
gene1_fix_year_1      -0.011 0.009      -0.028       0.007
gene1_fix_year_2      -0.058 0.017      -0.092      -0.025
gene1_fix_year_3      -0.096 0.031      -0.157      -0.035
Surv_gamma_x           1.073 0.050       0.975       1.170
gene1_alpha            1.065 0.146       0.778       1.352
Weibull_shape          2.949 0.099       2.761       3.151
Weibull_scale         11.425 0.779       9.996      13.058
                    Estimate    SE 95%CI_lower 95%CI_upper
gene1_fix_intercept   -0.006 0.010      -0.026       0.015
gene1_fix_year_1       0.014 0.010      -0.006       0.033
gene1_fix_year_2      -0.094 0.024      -0.142      -0.047
gene1_fix_year_3      -0.172 0.046      -0.263      -0.081
Surv_gamma_x           1.048 0.048       0.953       1.142
gene1_alpha            1.361 0.153       1.061       1.662
Weibull_shape          2.994 0.098       2.807       3.192
Weibull_scale         10.799 0.733       9.454      12.335
                    Estimate    SE 95%CI_lower 95%CI_upper
gene1_fix_intercept    0.001 0.011      -0.020       0.022
gene1_fix_year_1      -0.027 0.009      -0.044      -0.009
gene1_fix_year_2      -0.017 0.018      -0.052       0.018
gene1_fix_year_3      -0.023 0.032      -0.086       0.040
Surv_gamma_x           1.022 0.047       0.930       1.114
gene1_alpha            1.097 0.141       0.820       1.374
Weibull_shape          3.111 0.101       2.920       3.315
Weibull_scale          9.638 0.587       8.554      10.861
                    Estimate    SE 95%CI_lower 95%CI_upper
gene1_fix_intercept   -0.002 0.011      -0.023       0.019
gene1_fix_year_1       0.001 0.010      -0.018       0.020
gene1_fix_year_2      -0.129 0.021      -0.171      -0.088
gene1_fix_year_3      -0.252 0.040      -0.330      -0.173
Surv_gamma_x           0.997 0.048       0.903       1.091
gene1_alpha            1.103 0.131       0.845       1.360
Weibull_shape          3.027 0.098       2.841       3.225
Weibull_scale          9.624 0.621       8.481      10.921
                    Estimate    SE 95%CI_lower 95%CI_upper
gene1_fix_intercept    0.008 0.010      -0.012       0.028
gene1_fix_year_1      -0.009 0.009      -0.026       0.008
gene1_fix_year_2      -0.043 0.017      -0.076      -0.010
gene1_fix_year_3      -0.069 0.030      -0.129      -0.010
Surv_gamma_x           0.995 0.046       0.904       1.086
gene1_alpha            0.898 0.143       0.618       1.177
Weibull_shape          2.997 0.097       2.814       3.193
Weibull_scale          9.816 0.608       8.695      11.082
                    Estimate    SE 95%CI_lower 95%CI_upper
gene1_fix_intercept   -0.006 0.011      -0.027       0.015
gene1_fix_year_1      -0.021 0.009      -0.039      -0.002
gene1_fix_year_2      -0.129 0.020      -0.169      -0.089
gene1_fix_year_3      -0.227 0.038      -0.301      -0.152
Surv_gamma_x           1.061 0.050       0.964       1.158
gene1_alpha            1.121 0.144       0.838       1.403
Weibull_shape          3.115 0.104       2.918       3.326
Weibull_scale         10.540 0.684       9.282      11.969
                    Estimate    SE 95%CI_lower 95%CI_upper
gene1_fix_intercept    0.008 0.011      -0.012       0.029
gene1_fix_year_1       0.017 0.008       0.001       0.034
gene1_fix_year_2      -0.065 0.015      -0.095      -0.034
gene1_fix_year_3      -0.148 0.027      -0.200      -0.095
Surv_gamma_x           0.993 0.047       0.902       1.085
gene1_alpha            0.974 0.141       0.697       1.251
Weibull_shape          3.087 0.102       2.893       3.293
Weibull_scale          9.502 0.561       8.463      10.669
                    Estimate    SE 95%CI_lower 95%CI_upper
gene1_fix_intercept   -0.001 0.010      -0.021       0.020
gene1_fix_year_1       0.008 0.008      -0.009       0.024
gene1_fix_year_2      -0.079 0.015      -0.109      -0.050
gene1_fix_year_3      -0.163 0.026      -0.214      -0.111
Surv_gamma_x           0.999 0.049       0.902       1.096
gene1_alpha            1.198 0.138       0.928       1.467
Weibull_shape          3.086 0.100       2.895       3.288
Weibull_scale          9.554 0.617       8.418      10.844
                    Estimate    SE 95%CI_lower 95%CI_upper
gene1_fix_intercept    0.004 0.010      -0.016       0.025
gene1_fix_year_1      -0.023 0.009      -0.040      -0.006
gene1_fix_year_2      -0.085 0.016      -0.116      -0.054
gene1_fix_year_3      -0.133 0.028      -0.187      -0.079
Surv_gamma_x           0.928 0.044       0.842       1.014
gene1_alpha            1.052 0.143       0.772       1.332
Weibull_shape          2.892 0.094       2.713       3.082
Weibull_scale          9.430 0.601       8.322      10.685
                    Estimate    SE 95%CI_lower 95%CI_upper
gene1_fix_intercept    0.009 0.011      -0.012       0.030
gene1_fix_year_1      -0.016 0.009      -0.033       0.002
gene1_fix_year_2      -0.094 0.017      -0.128      -0.060
gene1_fix_year_3      -0.159 0.031      -0.219      -0.098
Surv_gamma_x           1.073 0.047       0.981       1.166
gene1_alpha            1.258 0.133       0.997       1.519
Weibull_shape          3.089 0.101       2.897       3.292
Weibull_scale         10.458 0.634       9.286      11.778
                    Estimate    SE 95%CI_lower 95%CI_upper
gene1_fix_intercept    0.000 0.010      -0.020       0.020
gene1_fix_year_1      -0.001 0.008      -0.018       0.015
gene1_fix_year_2      -0.056 0.015      -0.084      -0.028
gene1_fix_year_3      -0.118 0.025      -0.167      -0.069
Surv_gamma_x           1.030 0.046       0.939       1.121
gene1_alpha            1.244 0.149       0.952       1.536
Weibull_shape          2.923 0.096       2.740       3.118
Weibull_scale         10.717 0.687       9.451      12.152
                    Estimate    SE 95%CI_lower 95%CI_upper
gene1_fix_intercept   -0.009 0.011      -0.030       0.011
gene1_fix_year_1       0.007 0.009      -0.010       0.023
gene1_fix_year_2      -0.114 0.016      -0.146      -0.082
gene1_fix_year_3      -0.217 0.029      -0.275      -0.159
Surv_gamma_x           0.970 0.046       0.879       1.062
gene1_alpha            0.857 0.140       0.582       1.131
Weibull_shape          2.832 0.093       2.655       3.020
Weibull_scale         10.326 0.677       9.081      11.743
                    Estimate    SE 95%CI_lower 95%CI_upper
gene1_fix_intercept   -0.005 0.011      -0.026       0.016
gene1_fix_year_1       0.027 0.010       0.009       0.046
gene1_fix_year_2      -0.230 0.020      -0.270      -0.191
gene1_fix_year_3      -0.439 0.038      -0.513      -0.366
Surv_gamma_x           0.901 0.045       0.812       0.990
gene1_alpha            1.092 0.138       0.822       1.363
Weibull_shape          2.936 0.097       2.751       3.133
Weibull_scale          8.941 0.582       7.869      10.158
                    Estimate    SE 95%CI_lower 95%CI_upper
gene1_fix_intercept    0.008 0.011      -0.014       0.029
gene1_fix_year_1      -0.026 0.010      -0.046      -0.006
gene1_fix_year_2      -0.271 0.025      -0.321      -0.222
gene1_fix_year_3      -0.480 0.049      -0.575      -0.384
Surv_gamma_x           0.976 0.045       0.887       1.065
gene1_alpha            1.071 0.133       0.811       1.331
Weibull_shape          3.078 0.100       2.889       3.281
Weibull_scale          9.168 0.551       8.149      10.315
                    Estimate    SE 95%CI_lower 95%CI_upper
gene1_fix_intercept    0.004 0.010      -0.016       0.024
gene1_fix_year_1      -0.011 0.009      -0.029       0.006
gene1_fix_year_2      -0.190 0.018      -0.226      -0.155
gene1_fix_year_3      -0.331 0.033      -0.396      -0.265
Surv_gamma_x           0.969 0.048       0.875       1.063
gene1_alpha            1.233 0.142       0.954       1.512
Weibull_shape          2.906 0.097       2.722       3.103
Weibull_scale         10.310 0.720       8.991      11.822
                    Estimate    SE 95%CI_lower 95%CI_upper
gene1_fix_intercept   -0.002 0.010      -0.022       0.018
gene1_fix_year_1      -0.031 0.010      -0.050      -0.012
gene1_fix_year_2      -0.106 0.022      -0.150      -0.062
gene1_fix_year_3      -0.190 0.043      -0.273      -0.107
Surv_gamma_x           0.971 0.048       0.877       1.064
gene1_alpha            0.850 0.134       0.588       1.111
Weibull_shape          2.925 0.095       2.745       3.117
Weibull_scale          9.759 0.656       8.554      11.133
                    Estimate    SE 95%CI_lower 95%CI_upper
gene1_fix_intercept    0.004 0.010      -0.017       0.024
gene1_fix_year_1      -0.015 0.009      -0.032       0.002
gene1_fix_year_2       0.005 0.017      -0.028       0.038
gene1_fix_year_3       0.016 0.030      -0.043       0.076
Surv_gamma_x           1.052 0.047       0.959       1.145
gene1_alpha            0.716 0.141       0.439       0.993
Weibull_shape          3.084 0.102       2.889       3.291
Weibull_scale         10.364 0.652       9.161      11.724
                    Estimate    SE 95%CI_lower 95%CI_upper
gene1_fix_intercept    0.006 0.010      -0.014       0.026
gene1_fix_year_1       0.010 0.009      -0.009       0.028
gene1_fix_year_2      -0.147 0.019      -0.184      -0.110
gene1_fix_year_3      -0.289 0.034      -0.357      -0.222
Surv_gamma_x           0.998 0.048       0.903       1.093
gene1_alpha            0.871 0.137       0.603       1.140
Weibull_shape          3.102 0.101       2.910       3.306
Weibull_scale          9.342 0.570       8.290      10.527
                    Estimate    SE 95%CI_lower 95%CI_upper
gene1_fix_intercept   -0.007 0.011      -0.028       0.015
gene1_fix_year_1      -0.037 0.010      -0.057      -0.017
gene1_fix_year_2      -0.171 0.026      -0.222      -0.120
gene1_fix_year_3      -0.304 0.050      -0.402      -0.205
Surv_gamma_x           1.069 0.049       0.974       1.165
gene1_alpha            1.317 0.140       1.043       1.590
Weibull_shape          3.173 0.104       2.976       3.383
Weibull_scale          9.988 0.611       8.860      11.259
                    Estimate    SE 95%CI_lower 95%CI_upper
gene1_fix_intercept    0.024 0.011       0.003       0.045
gene1_fix_year_1      -0.011 0.010      -0.030       0.008
gene1_fix_year_2      -0.273 0.021      -0.314      -0.231
gene1_fix_year_3      -0.476 0.040      -0.554      -0.397
Surv_gamma_x           1.015 0.046       0.924       1.106
gene1_alpha            1.210 0.132       0.950       1.470
Weibull_shape          3.088 0.098       2.901       3.286
Weibull_scale          9.682 0.592       8.588      10.915
                    Estimate    SE 95%CI_lower 95%CI_upper
gene1_fix_intercept   -0.008 0.011      -0.028       0.013
gene1_fix_year_1      -0.033 0.009      -0.050      -0.016
gene1_fix_year_2      -0.062 0.017      -0.096      -0.028
gene1_fix_year_3      -0.095 0.031      -0.157      -0.034
Surv_gamma_x           1.131 0.051       1.032       1.230
gene1_alpha            0.953 0.141       0.677       1.229
Weibull_shape          3.210 0.108       3.004       3.430
Weibull_scale         10.791 0.649       9.591      12.141
                    Estimate    SE 95%CI_lower 95%CI_upper
gene1_fix_intercept    0.003 0.010      -0.017       0.022
gene1_fix_year_1      -0.025 0.010      -0.043      -0.006
gene1_fix_year_2      -0.047 0.022      -0.090      -0.003
gene1_fix_year_3      -0.073 0.043      -0.156       0.010
Surv_gamma_x           1.049 0.047       0.957       1.142
gene1_alpha            1.200 0.148       0.911       1.490
Weibull_shape          3.272 0.104       3.074       3.484
Weibull_scale          9.302 0.523       8.330      10.386
                    Estimate    SE 95%CI_lower 95%CI_upper
gene1_fix_intercept   -0.005 0.011      -0.026       0.016
gene1_fix_year_1       0.034 0.010       0.015       0.052
gene1_fix_year_2      -0.211 0.021      -0.253      -0.170
gene1_fix_year_3      -0.431 0.040      -0.509      -0.352
Surv_gamma_x           0.967 0.046       0.877       1.058
gene1_alpha            1.069 0.132       0.809       1.329
Weibull_shape          3.118 0.098       2.931       3.317
Weibull_scale          8.808 0.538       7.814       9.928
                    Estimate    SE 95%CI_lower 95%CI_upper
gene1_fix_intercept    0.005 0.011      -0.016       0.026
gene1_fix_year_1       0.005 0.008      -0.011       0.021
gene1_fix_year_2      -0.015 0.014      -0.041       0.012
gene1_fix_year_3      -0.053 0.023      -0.097      -0.008
Surv_gamma_x           0.955 0.048       0.860       1.050
gene1_alpha            1.118 0.143       0.839       1.398
Weibull_shape          3.004 0.097       2.819       3.201
Weibull_scale          9.196 0.610       8.075      10.473
                    Estimate    SE 95%CI_lower 95%CI_upper
gene1_fix_intercept    0.006 0.010      -0.015       0.026
gene1_fix_year_1       0.020 0.008       0.004       0.035
gene1_fix_year_2      -0.021 0.014      -0.048       0.006
gene1_fix_year_3      -0.041 0.023      -0.087       0.004
Surv_gamma_x           1.034 0.049       0.939       1.129
gene1_alpha            0.863 0.148       0.573       1.153
Weibull_shape          3.002 0.100       2.814       3.204
Weibull_scale         10.549 0.685       9.288      11.981
                    Estimate    SE 95%CI_lower 95%CI_upper
gene1_fix_intercept    0.004 0.010      -0.017       0.024
gene1_fix_year_1      -0.018 0.009      -0.035      -0.002
gene1_fix_year_2      -0.101 0.016      -0.133      -0.069
gene1_fix_year_3      -0.184 0.029      -0.242      -0.127
Surv_gamma_x           1.125 0.049       1.028       1.221
gene1_alpha            1.438 0.145       1.153       1.723
Weibull_shape          3.345 0.109       3.137       3.566
Weibull_scale          9.836 0.561       8.796      10.999
                    Estimate    SE 95%CI_lower 95%CI_upper
gene1_fix_intercept   -0.013 0.010      -0.033       0.008
gene1_fix_year_1      -0.017 0.009      -0.034       0.000
gene1_fix_year_2      -0.110 0.018      -0.145      -0.074
gene1_fix_year_3      -0.191 0.033      -0.256      -0.125
Surv_gamma_x           1.017 0.048       0.922       1.111
gene1_alpha            1.086 0.144       0.805       1.368
Weibull_shape          3.017 0.100       2.827       3.220
Weibull_scale         10.046 0.630       8.883      11.361
                    Estimate    SE 95%CI_lower 95%CI_upper
gene1_fix_intercept    0.005 0.011      -0.016       0.026
gene1_fix_year_1       0.022 0.009       0.005       0.039
gene1_fix_year_2      -0.190 0.017      -0.223      -0.157
gene1_fix_year_3      -0.353 0.030      -0.413      -0.294
Surv_gamma_x           1.003 0.047       0.911       1.096
gene1_alpha            1.190 0.143       0.910       1.471
Weibull_shape          3.101 0.103       2.905       3.310
Weibull_scale          9.761 0.610       8.636      11.034
                    Estimate    SE 95%CI_lower 95%CI_upper
gene1_fix_intercept    0.013 0.011      -0.008       0.034
gene1_fix_year_1      -0.004 0.010      -0.024       0.016
gene1_fix_year_2      -0.381 0.023      -0.426      -0.337
gene1_fix_year_3      -0.712 0.043      -0.796      -0.628
Surv_gamma_x           0.966 0.046       0.876       1.055
gene1_alpha            1.332 0.138       1.061       1.603
Weibull_shape          2.975 0.097       2.791       3.172
Weibull_scale          9.484 0.586       8.402      10.705
                    Estimate    SE 95%CI_lower 95%CI_upper
gene1_fix_intercept    0.017 0.011      -0.003       0.038
gene1_fix_year_1       0.018 0.009       0.001       0.036
gene1_fix_year_2      -0.066 0.017      -0.100      -0.033
gene1_fix_year_3      -0.132 0.030      -0.191      -0.073
Surv_gamma_x           0.918 0.046       0.828       1.008
gene1_alpha            0.883 0.139       0.612       1.155
Weibull_shape          2.935 0.097       2.751       3.131
Weibull_scale          9.234 0.606       8.120      10.502
                    Estimate    SE 95%CI_lower 95%CI_upper
gene1_fix_intercept    0.015 0.010      -0.005       0.035
gene1_fix_year_1      -0.002 0.009      -0.019       0.015
gene1_fix_year_2      -0.020 0.016      -0.051       0.011
gene1_fix_year_3      -0.042 0.028      -0.097       0.013
Surv_gamma_x           0.904 0.044       0.817       0.990
gene1_alpha            0.873 0.136       0.606       1.140
Weibull_shape          2.773 0.090       2.602       2.956
Weibull_scale          9.418 0.627       8.266      10.730
                    Estimate    SE 95%CI_lower 95%CI_upper
gene1_fix_intercept    0.002 0.011      -0.019       0.023
gene1_fix_year_1      -0.014 0.009      -0.032       0.003
gene1_fix_year_2      -0.162 0.018      -0.197      -0.127
gene1_fix_year_3      -0.282 0.032      -0.345      -0.218
Surv_gamma_x           1.004 0.048       0.910       1.098
gene1_alpha            1.443 0.139       1.170       1.716
Weibull_shape          3.237 0.107       3.035       3.453
Weibull_scale          8.949 0.523       7.980      10.035
                    Estimate    SE 95%CI_lower 95%CI_upper
gene1_fix_intercept   -0.004 0.010      -0.024       0.016
gene1_fix_year_1      -0.049 0.010      -0.069      -0.029
gene1_fix_year_2      -0.070 0.025      -0.119      -0.021
gene1_fix_year_3      -0.111 0.049      -0.206      -0.016
Surv_gamma_x           0.977 0.047       0.884       1.069
gene1_alpha            1.181 0.143       0.901       1.461
Weibull_shape          2.921 0.094       2.743       3.110
Weibull_scale          9.935 0.643       8.752      11.278
                    Estimate    SE 95%CI_lower 95%CI_upper
gene1_fix_intercept    0.006 0.011      -0.014       0.027
gene1_fix_year_1      -0.018 0.008      -0.035      -0.002
gene1_fix_year_2      -0.117 0.015      -0.146      -0.088
gene1_fix_year_3      -0.189 0.025      -0.238      -0.140
Surv_gamma_x           1.007 0.047       0.915       1.099
gene1_alpha            1.232 0.142       0.953       1.511
Weibull_shape          3.181 0.105       2.981       3.395
Weibull_scale          9.190 0.570       8.139      10.378
                    Estimate    SE 95%CI_lower 95%CI_upper
gene1_fix_intercept    0.009 0.011      -0.012       0.029
gene1_fix_year_1      -0.017 0.009      -0.034       0.000
gene1_fix_year_2      -0.117 0.016      -0.149      -0.086
gene1_fix_year_3      -0.201 0.029      -0.258      -0.145
Surv_gamma_x           1.083 0.049       0.986       1.179
gene1_alpha            1.214 0.140       0.940       1.488
Weibull_shape          3.268 0.106       3.066       3.483
Weibull_scale          9.891 0.586       8.808      11.108
                    Estimate    SE 95%CI_lower 95%CI_upper
gene1_fix_intercept   -0.005 0.010      -0.025       0.015
gene1_fix_year_1       0.012 0.009      -0.005       0.029
gene1_fix_year_2      -0.129 0.017      -0.163      -0.096
gene1_fix_year_3      -0.246 0.031      -0.306      -0.186
Surv_gamma_x           1.002 0.047       0.909       1.094
gene1_alpha            0.927 0.141       0.652       1.203
Weibull_shape          3.091 0.101       2.899       3.296
Weibull_scale          9.390 0.582       8.316      10.604
                    Estimate    SE 95%CI_lower 95%CI_upper
gene1_fix_intercept    0.008 0.010      -0.013       0.028
gene1_fix_year_1       0.009 0.009      -0.009       0.026
gene1_fix_year_2      -0.054 0.017      -0.087      -0.020
gene1_fix_year_3      -0.126 0.031      -0.185      -0.066
Surv_gamma_x           1.050 0.047       0.957       1.142
gene1_alpha            1.144 0.142       0.865       1.424
Weibull_shape          3.222 0.104       3.024       3.433
Weibull_scale          9.642 0.550       8.621      10.783
                    Estimate    SE 95%CI_lower 95%CI_upper
gene1_fix_intercept    0.000 0.011      -0.022       0.021
gene1_fix_year_1      -0.006 0.009      -0.023       0.010
gene1_fix_year_2      -0.060 0.016      -0.092      -0.028
gene1_fix_year_3      -0.116 0.030      -0.174      -0.058
Surv_gamma_x           1.030 0.048       0.935       1.126
gene1_alpha            1.096 0.136       0.828       1.363
Weibull_shape          2.995 0.100       2.805       3.198
Weibull_scale         10.647 0.705       9.352      12.122
starting task 100..
[1] "100"
[1] 100
                    Estimate    SE 95%CI_lower 95%CI_upper
gene1_fix_intercept   -0.003 0.010      -0.023       0.017
gene1_fix_year_1      -0.030 0.009      -0.047      -0.013
gene1_fix_year_2       0.034 0.016       0.002       0.066
gene1_fix_year_3       0.060 0.029       0.003       0.118
Surv_gamma_x           1.024 0.048       0.930       1.119
gene1_alpha            0.899 0.141       0.622       1.175
Weibull_shape          2.981 0.098       2.795       3.179
Weibull_scale         10.454 0.677       9.207      11.869
all done
