starting task 1..
starting task 2..
starting task 3..
starting task 4..
starting task 5..
starting task 6..
starting task 7..
starting task 8..
starting task 9..
starting task 10..
starting task 11..
starting task 12..
starting task 13..
starting task 14..
starting task 15..
starting task 16..
starting task 17..
starting task 18..
starting task 19..
starting task 20..
starting task 21..
starting task 22..
starting task 23..
starting task 24..
starting task 25..
starting task 26..
starting task 27..
starting task 28..
starting task 29..
starting task 30..
starting task 31..
starting task 32..
starting task 33..
starting task 34..
starting task 35..
starting task 36..
starting task 37..
starting task 38..
starting task 39..
starting task 40..
starting task 41..
starting task 42..
starting task 43..
starting task 44..
starting task 45..
starting task 46..
starting task 47..
starting task 48..
starting task 49..
[1] "49"
[1] 49
[1] "40"
[1] 40
[1] "23"
[1] 23
[1] "39"
[1] 39
[1] "41"
[1] 41
[1] "34"
[1] 34
[1] "46"
[1] 46
[1] "35"
[1] 35
[1] "19"
[1] 19
[1] "32"
[1] 32
[1] "48"
[1] 48
[1] "24"
[1] 24
[1] "36"
[1] 36
[1] "42"
[1] 42
[1] "38"
[1] 38
[1] "27"
[1] 27
[1] "25"
[1] 25
[1] "26"
[1] 26
[1] "29"
[1] 29
[1] "18"
[1] 18
[1] "1"
[1] 1
[1] "43"
[1] 43
[1] "30"
[1] 30
[1] "28"
[1] 28
[1] "45"
[1] 45
[1] "17"
[1] 17
[1] "47"
[1] 47
[1] "8"
[1] 8
[1] "31"
[1] 31
[1] "6"
[1] 6
[1] "5"
[1] 5
[1] "13"
[1] 13
[1] "21"
[1] 21
[1] "33"
[1] 33
[1] "3"
[1] 3
[1] "12"
[1] 12
[1] "37"
[1] 37
[1] "20"
[1] 20
[1] "2"
[1] 2
[1] "15"
[1] 15
[1] "14"
[1] 14
[1] "10"
[1] 10
[1] "22"
[1] 22
[1] "44"
[1] 44
[1] "4"
[1] 4
[1] "7"
[1] 7
[1] "16"
[1] 16
[1] "11"
[1] 11
[1] "9"
[1] 9
                    Estimate    SE 95%CI_lower 95%CI_upper
gene1_fix_intercept   -0.016 0.011      -0.038       0.005
gene1_fix_year_1       0.008 0.009      -0.010       0.025
gene1_fix_year_2      -0.096 0.017      -0.129      -0.064
gene1_fix_year_3      -0.183 0.030      -0.241      -0.124
Surv_gamma_x           0.939 0.047       0.847       1.030
gene1_alpha            0.942 0.140       0.667       1.216
Weibull_shape          2.844 0.094       2.665       3.035
Weibull_scale          9.762 0.666       8.541      11.158
                    Estimate    SE 95%CI_lower 95%CI_upper
gene1_fix_intercept    0.007 0.011      -0.014       0.028
gene1_fix_year_1      -0.020 0.010      -0.039      -0.001
gene1_fix_year_2      -0.111 0.022      -0.154      -0.068
gene1_fix_year_3      -0.210 0.042      -0.292      -0.128
Surv_gamma_x           0.983 0.046       0.892       1.074
gene1_alpha            1.026 0.133       0.764       1.287
Weibull_shape          3.037 0.098       2.851       3.235
Weibull_scale          9.534 0.599       8.429      10.785
                    Estimate    SE 95%CI_lower 95%CI_upper
gene1_fix_intercept    0.001 0.011      -0.021       0.023
gene1_fix_year_1       0.030 0.010       0.011       0.049
gene1_fix_year_2      -0.279 0.021      -0.320      -0.238
gene1_fix_year_3      -0.516 0.040      -0.594      -0.438
Surv_gamma_x           0.934 0.048       0.840       1.028
gene1_alpha            0.995 0.131       0.737       1.252
Weibull_shape          2.816 0.092       2.641       3.002
Weibull_scale         10.071 0.714       8.764      11.572
                    Estimate    SE 95%CI_lower 95%CI_upper
gene1_fix_intercept   -0.005 0.011      -0.026       0.016
gene1_fix_year_1      -0.028 0.008      -0.044      -0.012
gene1_fix_year_2      -0.058 0.014      -0.085      -0.031
gene1_fix_year_3      -0.089 0.024      -0.136      -0.042
Surv_gamma_x           1.022 0.047       0.930       1.113
gene1_alpha            1.188 0.135       0.924       1.452
Weibull_shape          3.164 0.101       2.972       3.369
Weibull_scale          9.568 0.571       8.512      10.754
                    Estimate    SE 95%CI_lower 95%CI_upper
gene1_fix_intercept    0.022 0.011       0.000       0.045
gene1_fix_year_1      -0.029 0.010      -0.048      -0.010
gene1_fix_year_2      -0.076 0.019      -0.113      -0.038
gene1_fix_year_3      -0.137 0.036      -0.208      -0.067
Surv_gamma_x           0.988 0.048       0.894       1.082
gene1_alpha            0.959 0.124       0.716       1.202
Weibull_shape          2.972 0.095       2.792       3.164
Weibull_scale          9.693 0.610       8.568      10.966
                    Estimate    SE 95%CI_lower 95%CI_upper
gene1_fix_intercept    0.026 0.011       0.004       0.048
gene1_fix_year_1       0.006 0.009      -0.011       0.023
gene1_fix_year_2      -0.068 0.016      -0.101      -0.036
gene1_fix_year_3      -0.112 0.030      -0.170      -0.054
Surv_gamma_x           0.952 0.046       0.862       1.041
gene1_alpha            1.142 0.134       0.881       1.404
Weibull_shape          3.068 0.098       2.881       3.267
Weibull_scale          9.075 0.547       8.064      10.214
                    Estimate    SE 95%CI_lower 95%CI_upper
gene1_fix_intercept    0.015 0.011      -0.006       0.037
gene1_fix_year_1      -0.025 0.008      -0.041      -0.009
gene1_fix_year_2      -0.052 0.015      -0.081      -0.023
gene1_fix_year_3      -0.082 0.025      -0.132      -0.032
Surv_gamma_x           1.042 0.048       0.948       1.135
gene1_alpha            1.296 0.140       1.022       1.569
Weibull_shape          2.995 0.098       2.808       3.193
Weibull_scale         10.636 0.684       9.377      12.065
                    Estimate    SE 95%CI_lower 95%CI_upper
gene1_fix_intercept    0.006 0.011      -0.015       0.027
gene1_fix_year_1       0.026 0.010       0.007       0.046
gene1_fix_year_2      -0.255 0.023      -0.301      -0.210
gene1_fix_year_3      -0.511 0.045      -0.598      -0.423
Surv_gamma_x           1.087 0.050       0.989       1.185
gene1_alpha            1.112 0.133       0.852       1.372
Weibull_shape          3.115 0.101       2.923       3.320
Weibull_scale         10.718 0.675       9.474      12.126
                    Estimate    SE 95%CI_lower 95%CI_upper
gene1_fix_intercept   -0.005 0.011      -0.026       0.016
gene1_fix_year_1       0.021 0.009       0.005       0.038
gene1_fix_year_2      -0.164 0.017      -0.197      -0.132
gene1_fix_year_3      -0.311 0.030      -0.370      -0.253
Surv_gamma_x           1.013 0.049       0.918       1.109
gene1_alpha            1.263 0.135       0.999       1.528
Weibull_shape          3.195 0.106       2.994       3.409
Weibull_scale          9.355 0.583       8.278      10.571
                    Estimate    SE 95%CI_lower 95%CI_upper
gene1_fix_intercept   -0.010 0.011      -0.031       0.010
gene1_fix_year_1      -0.013 0.009      -0.031       0.004
gene1_fix_year_2       0.006 0.018      -0.030       0.042
gene1_fix_year_3      -0.008 0.034      -0.074       0.059
Surv_gamma_x           0.879 0.045       0.792       0.966
gene1_alpha            0.937 0.134       0.673       1.201
Weibull_shape          2.842 0.091       2.669       3.027
Weibull_scale          9.060 0.595       7.966      10.303
                    Estimate    SE 95%CI_lower 95%CI_upper
gene1_fix_intercept   -0.007 0.011      -0.028       0.014
gene1_fix_year_1       0.002 0.009      -0.016       0.019
gene1_fix_year_2      -0.090 0.018      -0.125      -0.054
gene1_fix_year_3      -0.175 0.033      -0.239      -0.111
Surv_gamma_x           1.087 0.049       0.992       1.182
gene1_alpha            1.137 0.130       0.883       1.392
Weibull_shape          3.165 0.104       2.968       3.376
Weibull_scale         10.518 0.660       9.300      11.896
                    Estimate    SE 95%CI_lower 95%CI_upper
gene1_fix_intercept    0.006 0.011      -0.015       0.027
gene1_fix_year_1      -0.019 0.009      -0.037      -0.002
gene1_fix_year_2      -0.117 0.019      -0.154      -0.080
gene1_fix_year_3      -0.204 0.034      -0.272      -0.137
Surv_gamma_x           1.137 0.051       1.038       1.236
gene1_alpha            1.313 0.131       1.056       1.570
Weibull_shape          3.103 0.102       2.910       3.309
Weibull_scale         11.484 0.738      10.125      13.026
                    Estimate    SE 95%CI_lower 95%CI_upper
gene1_fix_intercept   -0.003 0.011      -0.024       0.018
gene1_fix_year_1       0.003 0.009      -0.015       0.020
gene1_fix_year_2      -0.028 0.018      -0.063       0.008
gene1_fix_year_3      -0.063 0.033      -0.128       0.003
Surv_gamma_x           1.003 0.049       0.908       1.099
gene1_alpha            1.080 0.136       0.813       1.346
Weibull_shape          3.123 0.100       2.933       3.325
Weibull_scale          9.441 0.590       8.352      10.672
                    Estimate    SE 95%CI_lower 95%CI_upper
gene1_fix_intercept    0.014 0.011      -0.008       0.036
gene1_fix_year_1      -0.028 0.009      -0.045      -0.010
gene1_fix_year_2      -0.125 0.018      -0.161      -0.089
gene1_fix_year_3      -0.208 0.034      -0.274      -0.141
Surv_gamma_x           0.995 0.047       0.903       1.086
gene1_alpha            1.055 0.132       0.796       1.313
Weibull_shape          2.978 0.100       2.787       3.181
Weibull_scale         10.291 0.686       9.030      11.729
                    Estimate    SE 95%CI_lower 95%CI_upper
gene1_fix_intercept   -0.012 0.011      -0.033       0.009
gene1_fix_year_1      -0.033 0.009      -0.051      -0.015
gene1_fix_year_2       0.010 0.018      -0.026       0.046
gene1_fix_year_3       0.039 0.034      -0.027       0.105
Surv_gamma_x           1.064 0.049       0.967       1.161
gene1_alpha            1.317 0.138       1.048       1.587
Weibull_shape          3.042 0.100       2.851       3.246
Weibull_scale         10.791 0.712       9.482      12.281
                    Estimate    SE 95%CI_lower 95%CI_upper
gene1_fix_intercept   -0.008 0.012      -0.030       0.015
gene1_fix_year_1       0.015 0.010      -0.004       0.035
gene1_fix_year_2      -0.273 0.022      -0.317      -0.230
gene1_fix_year_3      -0.521 0.042      -0.604      -0.439
Surv_gamma_x           1.033 0.049       0.938       1.129
gene1_alpha            1.255 0.125       1.010       1.500
Weibull_shape          3.004 0.100       2.813       3.208
Weibull_scale         10.441 0.668       9.210      11.837
                    Estimate    SE 95%CI_lower 95%CI_upper
gene1_fix_intercept    0.010 0.011      -0.011       0.031
gene1_fix_year_1       0.027 0.010       0.007       0.046
gene1_fix_year_2      -0.180 0.023      -0.225      -0.135
gene1_fix_year_3      -0.343 0.043      -0.427      -0.258
Surv_gamma_x           0.956 0.045       0.868       1.045
gene1_alpha            0.937 0.129       0.684       1.190
Weibull_shape          3.033 0.097       2.849       3.230
Weibull_scale          9.076 0.563       8.037      10.248
                    Estimate    SE 95%CI_lower 95%CI_upper
gene1_fix_intercept   -0.010 0.011      -0.031       0.011
gene1_fix_year_1      -0.057 0.009      -0.075      -0.039
gene1_fix_year_2      -0.006 0.020      -0.044       0.032
gene1_fix_year_3       0.010 0.037      -0.061       0.082
Surv_gamma_x           1.062 0.049       0.966       1.159
gene1_alpha            1.290 0.132       1.031       1.549
Weibull_shape          3.075 0.099       2.887       3.274
Weibull_scale         10.489 0.650       9.290      11.843
                    Estimate    SE 95%CI_lower 95%CI_upper
gene1_fix_intercept   -0.003 0.011      -0.025       0.019
gene1_fix_year_1       0.003 0.009      -0.015       0.020
gene1_fix_year_2      -0.206 0.019      -0.242      -0.169
gene1_fix_year_3      -0.390 0.035      -0.458      -0.322
Surv_gamma_x           1.014 0.050       0.916       1.111
gene1_alpha            1.323 0.138       1.054       1.593
Weibull_shape          3.005 0.101       2.812       3.210
Weibull_scale         10.271 0.710       8.969      11.761
                    Estimate    SE 95%CI_lower 95%CI_upper
gene1_fix_intercept    0.012 0.011      -0.009       0.033
gene1_fix_year_1      -0.024 0.008      -0.040      -0.009
gene1_fix_year_2      -0.082 0.014      -0.109      -0.054
gene1_fix_year_3      -0.116 0.024      -0.163      -0.070
Surv_gamma_x           0.981 0.046       0.891       1.070
gene1_alpha            1.008 0.143       0.727       1.288
Weibull_shape          2.861 0.093       2.685       3.050
Weibull_scale         10.513 0.692       9.240      11.961
                    Estimate    SE 95%CI_lower 95%CI_upper
gene1_fix_intercept   -0.005 0.011      -0.027       0.017
gene1_fix_year_1      -0.024 0.009      -0.041      -0.006
gene1_fix_year_2      -0.111 0.017      -0.145      -0.077
gene1_fix_year_3      -0.196 0.031      -0.257      -0.135
Surv_gamma_x           1.049 0.050       0.951       1.148
gene1_alpha            0.829 0.129       0.576       1.082
Weibull_shape          2.937 0.098       2.750       3.136
Weibull_scale         11.357 0.788       9.912      13.012
                    Estimate    SE 95%CI_lower 95%CI_upper
gene1_fix_intercept   -0.004 0.011      -0.026       0.017
gene1_fix_year_1      -0.009 0.009      -0.026       0.008
gene1_fix_year_2      -0.140 0.016      -0.171      -0.109
gene1_fix_year_3      -0.240 0.029      -0.297      -0.184
Surv_gamma_x           1.039 0.046       0.949       1.130
gene1_alpha            1.179 0.140       0.904       1.454
Weibull_shape          3.058 0.097       2.873       3.254
Weibull_scale          9.931 0.596       8.830      11.170
                    Estimate    SE 95%CI_lower 95%CI_upper
gene1_fix_intercept    0.002 0.011      -0.019       0.024
gene1_fix_year_1      -0.012 0.009      -0.029       0.005
gene1_fix_year_2      -0.057 0.016      -0.088      -0.026
gene1_fix_year_3      -0.089 0.028      -0.144      -0.034
Surv_gamma_x           0.977 0.046       0.887       1.067
gene1_alpha            1.195 0.134       0.933       1.457
Weibull_shape          3.014 0.096       2.831       3.209
Weibull_scale          9.720 0.600       8.613      10.969
                    Estimate    SE 95%CI_lower 95%CI_upper
gene1_fix_intercept   -0.013 0.011      -0.034       0.009
gene1_fix_year_1       0.005 0.009      -0.013       0.023
gene1_fix_year_2      -0.108 0.019      -0.145      -0.072
gene1_fix_year_3      -0.206 0.034      -0.273      -0.139
Surv_gamma_x           0.996 0.046       0.906       1.087
gene1_alpha            1.164 0.130       0.909       1.420
Weibull_shape          2.991 0.098       2.805       3.190
Weibull_scale          9.972 0.636       8.800      11.300
                    Estimate    SE 95%CI_lower 95%CI_upper
gene1_fix_intercept   -0.008 0.011      -0.030       0.014
gene1_fix_year_1       0.010 0.010      -0.010       0.029
gene1_fix_year_2      -0.175 0.022      -0.219      -0.132
gene1_fix_year_3      -0.341 0.042      -0.424      -0.258
Surv_gamma_x           1.077 0.050       0.979       1.176
gene1_alpha            1.243 0.133       0.981       1.504
Weibull_shape          3.109 0.103       2.913       3.319
Weibull_scale         10.572 0.675       9.328      11.981
                    Estimate    SE 95%CI_lower 95%CI_upper
gene1_fix_intercept    0.000 0.011      -0.022       0.022
gene1_fix_year_1       0.002 0.010      -0.018       0.021
gene1_fix_year_2      -0.051 0.023      -0.096      -0.006
gene1_fix_year_3      -0.095 0.044      -0.181      -0.009
Surv_gamma_x           1.007 0.046       0.917       1.098
gene1_alpha            0.788 0.132       0.529       1.047
Weibull_shape          2.903 0.094       2.724       3.094
Weibull_scale         10.556 0.700       9.269      12.022
                    Estimate    SE 95%CI_lower 95%CI_upper
gene1_fix_intercept   -0.014 0.011      -0.036       0.008
gene1_fix_year_1       0.000 0.009      -0.019       0.018
gene1_fix_year_2      -0.219 0.019      -0.257      -0.181
gene1_fix_year_3      -0.398 0.036      -0.468      -0.328
Surv_gamma_x           1.037 0.047       0.945       1.129
gene1_alpha            1.350 0.137       1.081       1.618
Weibull_shape          3.082 0.101       2.890       3.287
Weibull_scale         10.030 0.625       8.876      11.334
                    Estimate    SE 95%CI_lower 95%CI_upper
gene1_fix_intercept    0.008 0.011      -0.013       0.030
gene1_fix_year_1      -0.037 0.010      -0.056      -0.018
gene1_fix_year_2       0.040 0.023      -0.006       0.086
gene1_fix_year_3       0.088 0.045       0.001       0.175
Surv_gamma_x           0.923 0.047       0.831       1.014
gene1_alpha            1.093 0.137       0.824       1.361
Weibull_shape          2.901 0.096       2.720       3.094
Weibull_scale          9.228 0.591       8.139      10.463
                    Estimate    SE 95%CI_lower 95%CI_upper
gene1_fix_intercept   -0.005 0.011      -0.026       0.016
gene1_fix_year_1      -0.018 0.010      -0.037       0.001
gene1_fix_year_2      -0.041 0.021      -0.083       0.001
gene1_fix_year_3      -0.073 0.040      -0.151       0.005
Surv_gamma_x           1.110 0.052       1.009       1.211
gene1_alpha            1.241 0.139       0.969       1.514
Weibull_shape          3.189 0.106       2.988       3.404
Weibull_scale         10.541 0.667       9.312      11.932
                    Estimate    SE 95%CI_lower 95%CI_upper
gene1_fix_intercept    0.018 0.011      -0.004       0.040
gene1_fix_year_1       0.003 0.010      -0.016       0.022
gene1_fix_year_2      -0.051 0.022      -0.093      -0.009
gene1_fix_year_3      -0.114 0.041      -0.194      -0.034
Surv_gamma_x           1.071 0.048       0.976       1.165
gene1_alpha            1.058 0.128       0.806       1.309
Weibull_shape          3.040 0.101       2.849       3.245
Weibull_scale         10.747 0.664       9.521      12.131
                    Estimate    SE 95%CI_lower 95%CI_upper
gene1_fix_intercept   -0.005 0.011      -0.026       0.017
gene1_fix_year_1       0.064 0.011       0.043       0.084
gene1_fix_year_2      -0.478 0.025      -0.527      -0.428
gene1_fix_year_3      -0.940 0.049      -1.036      -0.844
Surv_gamma_x           1.088 0.048       0.994       1.183
gene1_alpha            1.370 0.131       1.113       1.626
Weibull_shape          3.291 0.109       3.085       3.512
Weibull_scale          9.839 0.547       8.824      10.971
                    Estimate    SE 95%CI_lower 95%CI_upper
gene1_fix_intercept   -0.014 0.011      -0.036       0.008
gene1_fix_year_1      -0.001 0.009      -0.018       0.017
gene1_fix_year_2      -0.091 0.018      -0.128      -0.055
gene1_fix_year_3      -0.184 0.034      -0.250      -0.118
Surv_gamma_x           0.983 0.046       0.894       1.073
gene1_alpha            1.076 0.128       0.826       1.326
Weibull_shape          3.018 0.097       2.834       3.214
Weibull_scale          9.107 0.549       8.092      10.251
                    Estimate    SE 95%CI_lower 95%CI_upper
gene1_fix_intercept   -0.004 0.011      -0.026       0.017
gene1_fix_year_1       0.014 0.009      -0.004       0.031
gene1_fix_year_2      -0.247 0.017      -0.280      -0.214
gene1_fix_year_3      -0.469 0.030      -0.528      -0.411
Surv_gamma_x           1.044 0.047       0.951       1.137
gene1_alpha            1.120 0.126       0.873       1.368
Weibull_shape          3.237 0.104       3.038       3.448
Weibull_scale          9.442 0.558       8.408      10.603
                    Estimate    SE 95%CI_lower 95%CI_upper
gene1_fix_intercept   -0.009 0.011      -0.030       0.013
gene1_fix_year_1      -0.003 0.009      -0.020       0.014
gene1_fix_year_2      -0.105 0.017      -0.139      -0.071
gene1_fix_year_3      -0.191 0.032      -0.254      -0.129
Surv_gamma_x           0.993 0.048       0.900       1.087
gene1_alpha            1.437 0.142       1.158       1.715
Weibull_shape          3.119 0.101       2.927       3.324
Weibull_scale          9.265 0.560       8.229      10.431
                    Estimate    SE 95%CI_lower 95%CI_upper
gene1_fix_intercept    0.003 0.011      -0.018       0.025
gene1_fix_year_1      -0.033 0.009      -0.051      -0.015
gene1_fix_year_2      -0.112 0.020      -0.150      -0.073
gene1_fix_year_3      -0.177 0.036      -0.248      -0.105
Surv_gamma_x           0.942 0.047       0.850       1.034
gene1_alpha            1.055 0.134       0.792       1.318
Weibull_shape          2.997 0.099       2.809       3.196
Weibull_scale          9.201 0.595       8.106      10.445
                    Estimate    SE 95%CI_lower 95%CI_upper
gene1_fix_intercept    0.018 0.011      -0.004       0.039
gene1_fix_year_1       0.002 0.010      -0.017       0.021
gene1_fix_year_2      -0.011 0.022      -0.054       0.032
gene1_fix_year_3      -0.027 0.041      -0.108       0.054
Surv_gamma_x           1.035 0.049       0.939       1.130
gene1_alpha            1.081 0.141       0.805       1.356
Weibull_shape          3.215 0.107       3.012       3.431
Weibull_scale          9.497 0.560       8.461      10.660
                    Estimate    SE 95%CI_lower 95%CI_upper
gene1_fix_intercept   -0.015 0.011      -0.036       0.006
gene1_fix_year_1       0.018 0.010      -0.001       0.037
gene1_fix_year_2      -0.210 0.022      -0.254      -0.166
gene1_fix_year_3      -0.425 0.042      -0.508      -0.342
Surv_gamma_x           0.970 0.047       0.878       1.062
gene1_alpha            1.100 0.126       0.854       1.346
Weibull_shape          2.959 0.096       2.777       3.152
Weibull_scale          9.860 0.628       8.703      11.171
                    Estimate    SE 95%CI_lower 95%CI_upper
gene1_fix_intercept    0.005 0.011      -0.016       0.026
gene1_fix_year_1      -0.021 0.009      -0.038      -0.004
gene1_fix_year_2      -0.076 0.017      -0.109      -0.043
gene1_fix_year_3      -0.129 0.030      -0.189      -0.069
Surv_gamma_x           0.965 0.046       0.875       1.054
gene1_alpha            1.162 0.135       0.898       1.427
Weibull_shape          2.885 0.095       2.704       3.077
Weibull_scale         10.196 0.658       8.985      11.571
                    Estimate    SE 95%CI_lower 95%CI_upper
gene1_fix_intercept   -0.007 0.011      -0.029       0.015
gene1_fix_year_1      -0.056 0.009      -0.074      -0.037
gene1_fix_year_2       0.037 0.020      -0.001       0.075
gene1_fix_year_3       0.103 0.036       0.033       0.173
Surv_gamma_x           1.050 0.049       0.955       1.146
gene1_alpha            0.948 0.131       0.691       1.205
Weibull_shape          3.028 0.097       2.845       3.224
Weibull_scale         10.441 0.659       9.226      11.816
                    Estimate    SE 95%CI_lower 95%CI_upper
gene1_fix_intercept   -0.008 0.011      -0.029       0.014
gene1_fix_year_1      -0.002 0.009      -0.020       0.017
gene1_fix_year_2      -0.146 0.020      -0.185      -0.107
gene1_fix_year_3      -0.269 0.037      -0.341      -0.196
Surv_gamma_x           1.028 0.048       0.934       1.121
gene1_alpha            0.983 0.131       0.726       1.239
Weibull_shape          3.098 0.100       2.908       3.300
Weibull_scale          9.842 0.604       8.727      11.098
                    Estimate    SE 95%CI_lower 95%CI_upper
gene1_fix_intercept   -0.003 0.011      -0.025       0.019
gene1_fix_year_1       0.000 0.008      -0.015       0.015
gene1_fix_year_2      -0.094 0.013      -0.119      -0.068
gene1_fix_year_3      -0.169 0.022      -0.212      -0.126
Surv_gamma_x           1.029 0.049       0.932       1.125
gene1_alpha            1.101 0.129       0.848       1.355
Weibull_shape          3.195 0.104       2.997       3.407
Weibull_scale          9.594 0.582       8.519      10.805
                    Estimate    SE 95%CI_lower 95%CI_upper
gene1_fix_intercept   -0.001 0.012      -0.023       0.022
gene1_fix_year_1      -0.001 0.009      -0.019       0.017
gene1_fix_year_2      -0.077 0.018      -0.111      -0.043
gene1_fix_year_3      -0.150 0.032      -0.212      -0.088
Surv_gamma_x           1.076 0.049       0.980       1.172
gene1_alpha            1.275 0.126       1.028       1.522
Weibull_shape          3.193 0.106       2.993       3.408
Weibull_scale         10.033 0.592       8.937      11.263
                    Estimate    SE 95%CI_lower 95%CI_upper
gene1_fix_intercept   -0.001 0.011      -0.023       0.022
gene1_fix_year_1      -0.056 0.010      -0.075      -0.037
gene1_fix_year_2      -0.122 0.021      -0.164      -0.081
gene1_fix_year_3      -0.212 0.040      -0.290      -0.134
Surv_gamma_x           1.000 0.048       0.907       1.094
gene1_alpha            1.061 0.132       0.802       1.320
Weibull_shape          3.150 0.103       2.955       3.359
Weibull_scale          9.389 0.566       8.342      10.566
                    Estimate    SE 95%CI_lower 95%CI_upper
gene1_fix_intercept    0.006 0.011      -0.016       0.028
gene1_fix_year_1      -0.017 0.009      -0.035       0.000
gene1_fix_year_2      -0.099 0.018      -0.134      -0.063
gene1_fix_year_3      -0.181 0.033      -0.246      -0.116
Surv_gamma_x           0.988 0.046       0.897       1.079
gene1_alpha            1.249 0.130       0.994       1.505
Weibull_shape          3.051 0.099       2.864       3.251
Weibull_scale          9.650 0.595       8.552      10.890
                    Estimate    SE 95%CI_lower 95%CI_upper
gene1_fix_intercept    0.023 0.011       0.002       0.045
gene1_fix_year_1      -0.017 0.009      -0.035       0.001
gene1_fix_year_2      -0.053 0.019      -0.089      -0.016
gene1_fix_year_3      -0.095 0.034      -0.162      -0.027
Surv_gamma_x           1.026 0.047       0.935       1.118
gene1_alpha            1.039 0.130       0.785       1.293
Weibull_shape          3.067 0.100       2.877       3.269
Weibull_scale         10.019 0.604       8.901      11.276
                    Estimate    SE 95%CI_lower 95%CI_upper
gene1_fix_intercept    0.009 0.011      -0.013       0.031
gene1_fix_year_1       0.023 0.010       0.004       0.042
gene1_fix_year_2      -0.221 0.021      -0.262      -0.180
gene1_fix_year_3      -0.420 0.039      -0.497      -0.344
Surv_gamma_x           0.921 0.046       0.831       1.011
gene1_alpha            1.161 0.131       0.903       1.418
Weibull_shape          2.995 0.098       2.808       3.194
Weibull_scale          9.023 0.556       7.996      10.181
                    Estimate    SE 95%CI_lower 95%CI_upper
gene1_fix_intercept   -0.005 0.011      -0.026       0.016
gene1_fix_year_1       0.005 0.009      -0.012       0.022
gene1_fix_year_2      -0.122 0.016      -0.154      -0.090
gene1_fix_year_3      -0.216 0.029      -0.274      -0.159
Surv_gamma_x           1.009 0.048       0.915       1.104
gene1_alpha            1.083 0.144       0.800       1.366
Weibull_shape          2.941 0.096       2.759       3.136
Weibull_scale         10.541 0.716       9.227      12.042
                    Estimate    SE 95%CI_lower 95%CI_upper
gene1_fix_intercept    0.004 0.011      -0.017       0.026
gene1_fix_year_1       0.016 0.009      -0.002       0.034
gene1_fix_year_2      -0.103 0.018      -0.139      -0.068
gene1_fix_year_3      -0.202 0.033      -0.266      -0.137
Surv_gamma_x           1.021 0.047       0.929       1.112
gene1_alpha            0.985 0.130       0.731       1.239
Weibull_shape          2.975 0.094       2.796       3.165
Weibull_scale         10.126 0.629       8.964      11.438
                    Estimate    SE 95%CI_lower 95%CI_upper
gene1_fix_intercept    0.011 0.011      -0.010       0.032
gene1_fix_year_1      -0.008 0.009      -0.025       0.008
gene1_fix_year_2       0.006 0.016      -0.026       0.037
gene1_fix_year_3       0.018 0.029      -0.039       0.075
Surv_gamma_x           1.047 0.048       0.952       1.142
gene1_alpha            0.946 0.143       0.666       1.227
Weibull_shape          3.137 0.103       2.942       3.346
Weibull_scale          9.806 0.598       8.701      11.051
starting task 50..
starting task 51..
starting task 52..
starting task 53..
starting task 54..
starting task 55..
starting task 56..
starting task 57..
starting task 58..
starting task 59..
starting task 60..
starting task 61..
starting task 62..
starting task 63..
starting task 64..
starting task 65..
starting task 66..
starting task 67..
starting task 68..
starting task 69..
starting task 70..
starting task 71..
starting task 72..
starting task 73..
starting task 74..
starting task 75..
starting task 76..
starting task 77..
starting task 78..
starting task 79..
starting task 80..
starting task 81..
starting task 82..
starting task 83..
starting task 84..
starting task 85..
starting task 86..
starting task 87..
starting task 88..
starting task 89..
starting task 90..
starting task 91..
starting task 92..
starting task 93..
starting task 94..
starting task 95..
starting task 96..
starting task 97..
starting task 98..
starting task 99..
[1] "85"
[1] 85
[1] "94"
[1] 94
[1] "97"
[1] 97
[1] "79"
[1] 79
[1] "96"
[1] 96
[1] "90"
[1] 90
[1] "75"
[1] 75
[1] "95"
[1] 95
[1] "87"
[1] 87
[1] "83"
[1] 83
[1] "77"
[1] 77
[1] "65"
[1] 65
[1] "98"
[1] 98
[1] "72"
[1] 72
[1] "69"
[1] 69
[1] "53"
[1] 53
[1] "89"
[1] 89
[1] "76"
[1] 76
[1] "67"
[1] 67
[1] "56"
[1] 56
[1] "80"
[1] 80
[1] "71"
[1] 71
[1] "88"
[1] 88
[1] "86"
[1] 86
[1] "99"
[1] 99
[1] "64"
[1] 64
[1] "82"
[1] 82
[1] "78"
[1] 78
[1] "50"
[1] "73"
[1] 50
[1] 73
[1] "91"
[1] 91
[1] "55"
[1] 55
[1] "93"
[1] 93
[1] "52"
[1] 52
[1] "54"
[1] 54
[1] "62"
[1] 62
[1] "74"
[1] 74
[1] "60"
[1] 60
[1] "61"
[1] 61
[1] "57"
[1] 57
[1] "81"
[1] 81
[1] "70"
[1] 70
[1] "59"
[1] 59
[1] "68"
[1] 68
[1] "58"
[1] 58
[1] "92"
[1] 92
[1] "84"
[1] 84
[1] "51"
[1] 51
[1] "63"
[1] 63
[1] "66"
[1] 66
                    Estimate    SE 95%CI_lower 95%CI_upper
gene1_fix_intercept    0.010 0.011      -0.011       0.031
gene1_fix_year_1      -0.029 0.009      -0.047      -0.011
gene1_fix_year_2       0.002 0.020      -0.037       0.041
gene1_fix_year_3       0.015 0.037      -0.057       0.087
Surv_gamma_x           0.955 0.047       0.863       1.048
gene1_alpha            0.960 0.134       0.697       1.222
Weibull_shape          3.036 0.098       2.849       3.234
Weibull_scale          9.298 0.591       8.208      10.532
                    Estimate    SE 95%CI_lower 95%CI_upper
gene1_fix_intercept   -0.012 0.011      -0.034       0.009
gene1_fix_year_1      -0.020 0.008      -0.037      -0.004
gene1_fix_year_2      -0.098 0.016      -0.129      -0.068
gene1_fix_year_3      -0.150 0.027      -0.203      -0.098
Surv_gamma_x           1.073 0.050       0.976       1.170
gene1_alpha            1.250 0.134       0.987       1.514
Weibull_shape          3.233 0.103       3.037       3.441
Weibull_scale          9.873 0.600       8.765      11.122
                    Estimate    SE 95%CI_lower 95%CI_upper
gene1_fix_intercept    0.009 0.011      -0.013       0.031
gene1_fix_year_1       0.009 0.009      -0.008       0.026
gene1_fix_year_2      -0.121 0.018      -0.155      -0.086
gene1_fix_year_3      -0.222 0.031      -0.284      -0.161
Surv_gamma_x           0.968 0.047       0.875       1.060
gene1_alpha            0.898 0.126       0.651       1.146
Weibull_shape          2.993 0.098       2.806       3.192
Weibull_scale          9.513 0.624       8.366      10.817
                    Estimate    SE 95%CI_lower 95%CI_upper
gene1_fix_intercept    0.011 0.011      -0.011       0.033
gene1_fix_year_1       0.018 0.010      -0.001       0.037
gene1_fix_year_2      -0.158 0.020      -0.197      -0.119
gene1_fix_year_3      -0.298 0.037      -0.370      -0.226
Surv_gamma_x           0.990 0.047       0.898       1.083
gene1_alpha            1.180 0.132       0.920       1.439
Weibull_shape          3.236 0.106       3.035       3.450
Weibull_scale          8.877 0.503       7.943       9.920
                    Estimate    SE 95%CI_lower 95%CI_upper
gene1_fix_intercept    0.004 0.011      -0.018       0.026
gene1_fix_year_1       0.017 0.009      -0.001       0.035
gene1_fix_year_2      -0.093 0.018      -0.128      -0.059
gene1_fix_year_3      -0.182 0.032      -0.246      -0.119
Surv_gamma_x           1.056 0.048       0.963       1.150
gene1_alpha            1.129 0.130       0.873       1.384
Weibull_shape          2.942 0.096       2.760       3.136
Weibull_scale         11.268 0.744       9.900      12.825
                    Estimate    SE 95%CI_lower 95%CI_upper
gene1_fix_intercept   -0.008 0.011      -0.030       0.013
gene1_fix_year_1       0.000 0.009      -0.018       0.019
gene1_fix_year_2      -0.229 0.019      -0.265      -0.192
gene1_fix_year_3      -0.428 0.034      -0.495      -0.361
Surv_gamma_x           1.065 0.048       0.970       1.160
gene1_alpha            1.204 0.127       0.956       1.453
Weibull_shape          3.067 0.100       2.876       3.269
Weibull_scale         10.276 0.623       9.124      11.572
                    Estimate    SE 95%CI_lower 95%CI_upper
gene1_fix_intercept    0.011 0.011      -0.011       0.033
gene1_fix_year_1       0.028 0.009       0.009       0.046
gene1_fix_year_2      -0.170 0.020      -0.210      -0.130
gene1_fix_year_3      -0.311 0.038      -0.386      -0.237
Surv_gamma_x           0.957 0.045       0.869       1.045
gene1_alpha            0.932 0.126       0.686       1.178
Weibull_shape          2.931 0.094       2.753       3.120
Weibull_scale          9.631 0.596       8.532      10.873
                    Estimate    SE 95%CI_lower 95%CI_upper
gene1_fix_intercept   -0.014 0.011      -0.036       0.008
gene1_fix_year_1      -0.011 0.009      -0.028       0.006
gene1_fix_year_2      -0.021 0.017      -0.054       0.012
gene1_fix_year_3      -0.046 0.030      -0.105       0.013
Surv_gamma_x           0.960 0.047       0.868       1.053
gene1_alpha            0.933 0.130       0.678       1.189
Weibull_shape          3.001 0.100       2.811       3.203
Weibull_scale          9.296 0.588       8.212      10.522
                    Estimate    SE 95%CI_lower 95%CI_upper
gene1_fix_intercept    0.003 0.011      -0.019       0.024
gene1_fix_year_1       0.010 0.010      -0.010       0.030
gene1_fix_year_2      -0.227 0.024      -0.274      -0.180
gene1_fix_year_3      -0.441 0.046      -0.532      -0.350
Surv_gamma_x           0.956 0.048       0.863       1.049
gene1_alpha            0.861 0.131       0.604       1.119
Weibull_shape          3.026 0.097       2.842       3.222
Weibull_scale          9.143 0.582       8.070      10.359
                    Estimate    SE 95%CI_lower 95%CI_upper
gene1_fix_intercept   -0.010 0.011      -0.032       0.011
gene1_fix_year_1      -0.022 0.009      -0.040      -0.005
gene1_fix_year_2      -0.065 0.018      -0.100      -0.030
gene1_fix_year_3      -0.102 0.032      -0.165      -0.039
Surv_gamma_x           1.026 0.050       0.929       1.123
gene1_alpha            1.140 0.129       0.887       1.393
Weibull_shape          2.980 0.098       2.795       3.178
Weibull_scale         10.533 0.710       9.229      12.020
                    Estimate    SE 95%CI_lower 95%CI_upper
gene1_fix_intercept    0.009 0.011      -0.013       0.030
gene1_fix_year_1       0.011 0.009      -0.007       0.028
gene1_fix_year_2      -0.130 0.017      -0.164      -0.096
gene1_fix_year_3      -0.241 0.031      -0.302      -0.180
Surv_gamma_x           0.934 0.045       0.845       1.023
gene1_alpha            0.934 0.139       0.662       1.206
Weibull_shape          2.903 0.094       2.724       3.094
Weibull_scale          9.404 0.610       8.282      10.677
                    Estimate    SE 95%CI_lower 95%CI_upper
gene1_fix_intercept    0.008 0.011      -0.013       0.030
gene1_fix_year_1      -0.035 0.008      -0.052      -0.019
gene1_fix_year_2      -0.061 0.016      -0.091      -0.030
gene1_fix_year_3      -0.081 0.027      -0.134      -0.027
Surv_gamma_x           0.987 0.048       0.894       1.081
gene1_alpha            1.203 0.131       0.945       1.460
Weibull_shape          3.122 0.102       2.928       3.330
Weibull_scale          9.354 0.570       8.302      10.540
                    Estimate    SE 95%CI_lower 95%CI_upper
gene1_fix_intercept    0.008 0.011      -0.013       0.030
gene1_fix_year_1       0.041 0.011       0.020       0.061
gene1_fix_year_2      -0.331 0.027      -0.384      -0.278
gene1_fix_year_3      -0.644 0.053      -0.748      -0.541
Surv_gamma_x           0.977 0.047       0.885       1.069
gene1_alpha            1.169 0.135       0.904       1.434
Weibull_shape          3.068 0.102       2.875       3.274
Weibull_scale          9.343 0.595       8.247      10.585
                    Estimate    SE 95%CI_lower 95%CI_upper
gene1_fix_intercept   -0.002 0.011      -0.023       0.018
gene1_fix_year_1       0.010 0.009      -0.008       0.028
gene1_fix_year_2      -0.211 0.019      -0.248      -0.174
gene1_fix_year_3      -0.405 0.035      -0.473      -0.338
Surv_gamma_x           0.983 0.047       0.891       1.075
gene1_alpha            1.337 0.141       1.061       1.612
Weibull_shape          3.161 0.103       2.966       3.370
Weibull_scale          9.079 0.544       8.073      10.211
                    Estimate    SE 95%CI_lower 95%CI_upper
gene1_fix_intercept   -0.009 0.011      -0.031       0.012
gene1_fix_year_1      -0.034 0.009      -0.052      -0.017
gene1_fix_year_2      -0.042 0.018      -0.077      -0.007
gene1_fix_year_3      -0.059 0.032      -0.122       0.005
Surv_gamma_x           0.925 0.046       0.834       1.016
gene1_alpha            1.147 0.138       0.877       1.417
Weibull_shape          2.956 0.095       2.775       3.149
Weibull_scale          9.297 0.602       8.189      10.556
                    Estimate    SE 95%CI_lower 95%CI_upper
gene1_fix_intercept    0.003 0.011      -0.019       0.025
gene1_fix_year_1       0.016 0.009      -0.002       0.035
gene1_fix_year_2      -0.261 0.019      -0.298      -0.223
gene1_fix_year_3      -0.493 0.035      -0.562      -0.424
Surv_gamma_x           1.099 0.050       1.002       1.197
gene1_alpha            1.195 0.134       0.932       1.459
Weibull_shape          3.135 0.105       2.935       3.348
Weibull_scale         10.956 0.701       9.665      12.419
                    Estimate    SE 95%CI_lower 95%CI_upper
gene1_fix_intercept   -0.001 0.011      -0.022       0.020
gene1_fix_year_1      -0.008 0.008      -0.024       0.008
gene1_fix_year_2      -0.056 0.015      -0.084      -0.027
gene1_fix_year_3      -0.101 0.025      -0.150      -0.052
Surv_gamma_x           0.976 0.046       0.886       1.065
gene1_alpha            1.188 0.128       0.937       1.439
Weibull_shape          3.112 0.100       2.923       3.314
Weibull_scale          9.014 0.538       8.019      10.132
                    Estimate    SE 95%CI_lower 95%CI_upper
gene1_fix_intercept   -0.012 0.011      -0.034       0.010
gene1_fix_year_1      -0.008 0.010      -0.026       0.011
gene1_fix_year_2      -0.059 0.021      -0.100      -0.017
gene1_fix_year_3      -0.087 0.040      -0.165      -0.009
Surv_gamma_x           1.017 0.046       0.927       1.108
gene1_alpha            0.956 0.132       0.697       1.216
Weibull_shape          3.155 0.103       2.960       3.364
Weibull_scale          9.386 0.547       8.373      10.522
                    Estimate    SE 95%CI_lower 95%CI_upper
gene1_fix_intercept    0.006 0.011      -0.015       0.027
gene1_fix_year_1      -0.031 0.009      -0.048      -0.014
gene1_fix_year_2       0.009 0.016      -0.024       0.041
gene1_fix_year_3       0.023 0.029      -0.035       0.080
Surv_gamma_x           0.992 0.045       0.904       1.081
gene1_alpha            0.941 0.134       0.679       1.203
Weibull_shape          3.077 0.098       2.891       3.274
Weibull_scale          9.425 0.564       8.383      10.597
                    Estimate    SE 95%CI_lower 95%CI_upper
gene1_fix_intercept   -0.005 0.011      -0.025       0.016
gene1_fix_year_1       0.009 0.010      -0.010       0.027
gene1_fix_year_2      -0.107 0.021      -0.148      -0.066
gene1_fix_year_3      -0.200 0.039      -0.277      -0.124
Surv_gamma_x           0.963 0.048       0.869       1.056
gene1_alpha            1.224 0.140       0.950       1.499
Weibull_shape          3.074 0.100       2.884       3.278
Weibull_scale          8.864 0.530       7.884       9.966
                    Estimate    SE 95%CI_lower 95%CI_upper
gene1_fix_intercept    0.001 0.011      -0.021       0.023
gene1_fix_year_1      -0.018 0.009      -0.036      -0.001
gene1_fix_year_2      -0.089 0.017      -0.123      -0.056
gene1_fix_year_3      -0.163 0.030      -0.222      -0.103
Surv_gamma_x           1.039 0.048       0.946       1.132
gene1_alpha            1.163 0.126       0.915       1.411
Weibull_shape          3.177 0.103       2.981       3.385
Weibull_scale          9.723 0.564       8.678      10.894
                    Estimate    SE 95%CI_lower 95%CI_upper
gene1_fix_intercept    0.002 0.011      -0.019       0.023
gene1_fix_year_1      -0.024 0.009      -0.042      -0.006
gene1_fix_year_2      -0.082 0.018      -0.118      -0.047
gene1_fix_year_3      -0.153 0.033      -0.218      -0.088
Surv_gamma_x           1.032 0.047       0.940       1.124
gene1_alpha            1.048 0.136       0.783       1.314
Weibull_shape          3.093 0.102       2.900       3.299
Weibull_scale          9.822 0.577       8.754      11.020
                    Estimate    SE 95%CI_lower 95%CI_upper
gene1_fix_intercept   -0.013 0.011      -0.034       0.008
gene1_fix_year_1      -0.006 0.010      -0.025       0.013
gene1_fix_year_2      -0.235 0.021      -0.276      -0.193
gene1_fix_year_3      -0.435 0.040      -0.513      -0.356
Surv_gamma_x           1.006 0.049       0.910       1.103
gene1_alpha            1.329 0.134       1.066       1.592
Weibull_shape          3.085 0.099       2.897       3.285
Weibull_scale          9.640 0.616       8.505      10.926
                    Estimate    SE 95%CI_lower 95%CI_upper
gene1_fix_intercept    0.008 0.011      -0.014       0.030
gene1_fix_year_1      -0.009 0.010      -0.029       0.011
gene1_fix_year_2      -0.150 0.023      -0.196      -0.104
gene1_fix_year_3      -0.270 0.045      -0.358      -0.183
Surv_gamma_x           1.092 0.050       0.993       1.190
gene1_alpha            1.128 0.140       0.853       1.403
Weibull_shape          3.120 0.103       2.925       3.328
Weibull_scale         10.606 0.670       9.371      12.003
                    Estimate    SE 95%CI_lower 95%CI_upper
gene1_fix_intercept   -0.007 0.011      -0.030       0.015
gene1_fix_year_1      -0.022 0.009      -0.039      -0.004
gene1_fix_year_2      -0.067 0.017      -0.101      -0.034
gene1_fix_year_3      -0.099 0.031      -0.160      -0.039
Surv_gamma_x           0.986 0.047       0.893       1.078
gene1_alpha            1.133 0.134       0.870       1.397
Weibull_shape          2.969 0.100       2.779       3.171
Weibull_scale          9.899 0.636       8.728      11.227
                    Estimate    SE 95%CI_lower 95%CI_upper
gene1_fix_intercept    0.016 0.011      -0.006       0.038
gene1_fix_year_1      -0.032 0.009      -0.049      -0.016
gene1_fix_year_2       0.024 0.016      -0.006       0.055
gene1_fix_year_3       0.069 0.027       0.016       0.123
Surv_gamma_x           1.009 0.047       0.917       1.101
gene1_alpha            1.036 0.130       0.782       1.290
Weibull_shape          2.986 0.096       2.804       3.179
Weibull_scale         10.240 0.642       9.055      11.579
                    Estimate    SE 95%CI_lower 95%CI_upper
gene1_fix_intercept    0.014 0.011      -0.007       0.035
gene1_fix_year_1       0.003 0.009      -0.014       0.020
gene1_fix_year_2      -0.040 0.017      -0.073      -0.008
gene1_fix_year_3      -0.085 0.030      -0.144      -0.026
Surv_gamma_x           1.008 0.047       0.916       1.099
gene1_alpha            1.557 0.141       1.281       1.832
Weibull_shape          3.264 0.107       3.062       3.480
Weibull_scale          8.881 0.509       7.938       9.936
                    Estimate    SE 95%CI_lower 95%CI_upper
gene1_fix_intercept    0.015 0.011      -0.007       0.038
gene1_fix_year_1       0.045 0.010       0.025       0.065
gene1_fix_year_2      -0.378 0.025      -0.427      -0.329
gene1_fix_year_3      -0.721 0.048      -0.816      -0.627
Surv_gamma_x           1.019 0.047       0.926       1.111
gene1_alpha            0.992 0.125       0.748       1.237
Weibull_shape          3.036 0.101       2.846       3.240
Weibull_scale         10.244 0.636       9.069      11.570
                    Estimate    SE 95%CI_lower 95%CI_upper
gene1_fix_intercept   -0.001 0.011      -0.022       0.019
gene1_fix_year_1      -0.030 0.008      -0.046      -0.013
gene1_fix_year_2      -0.099 0.016      -0.129      -0.068
gene1_fix_year_3      -0.165 0.028      -0.219      -0.110
Surv_gamma_x           0.972 0.047       0.880       1.064
gene1_alpha            1.252 0.139       0.980       1.524
Weibull_shape          3.007 0.098       2.820       3.206
Weibull_scale          9.563 0.597       8.461      10.808
                    Estimate    SE 95%CI_lower 95%CI_upper
gene1_fix_intercept   -0.003 0.011      -0.025       0.019
gene1_fix_year_1      -0.028 0.010      -0.048      -0.009
gene1_fix_year_2      -0.155 0.023      -0.200      -0.111
gene1_fix_year_3      -0.266 0.043      -0.351      -0.182
Surv_gamma_x           0.953 0.047       0.862       1.044
gene1_alpha            1.077 0.128       0.825       1.328
Weibull_shape          2.935 0.097       2.752       3.131
Weibull_scale          9.740 0.612       8.613      11.016
                    Estimate    SE 95%CI_lower 95%CI_upper
gene1_fix_intercept    0.016 0.011      -0.006       0.038
gene1_fix_year_1      -0.007 0.009      -0.025       0.011
gene1_fix_year_2      -0.032 0.020      -0.071       0.007
gene1_fix_year_3      -0.046 0.037      -0.119       0.027
Surv_gamma_x           1.012 0.048       0.919       1.105
gene1_alpha            1.016 0.126       0.768       1.263
Weibull_shape          3.144 0.103       2.949       3.351
Weibull_scale          9.495 0.563       8.453      10.666
                    Estimate    SE 95%CI_lower 95%CI_upper
gene1_fix_intercept    0.001 0.011      -0.020       0.022
gene1_fix_year_1       0.005 0.010      -0.014       0.024
gene1_fix_year_2      -0.150 0.022      -0.193      -0.106
gene1_fix_year_3      -0.292 0.042      -0.375      -0.210
Surv_gamma_x           0.943 0.046       0.853       1.033
gene1_alpha            1.031 0.134       0.768       1.294
Weibull_shape          3.039 0.099       2.850       3.240
Weibull_scale          8.930 0.546       7.922      10.068
                    Estimate    SE 95%CI_lower 95%CI_upper
gene1_fix_intercept    0.021 0.011      -0.001       0.042
gene1_fix_year_1       0.012 0.010      -0.008       0.033
gene1_fix_year_2      -0.142 0.025      -0.191      -0.093
gene1_fix_year_3      -0.272 0.048      -0.367      -0.177
Surv_gamma_x           1.011 0.047       0.918       1.104
gene1_alpha            1.089 0.130       0.833       1.344
Weibull_shape          3.003 0.095       2.823       3.195
Weibull_scale          9.965 0.631       8.802      11.281
                    Estimate    SE 95%CI_lower 95%CI_upper
gene1_fix_intercept   -0.008 0.011      -0.029       0.013
gene1_fix_year_1      -0.013 0.009      -0.030       0.004
gene1_fix_year_2       0.009 0.018      -0.026       0.044
gene1_fix_year_3       0.004 0.032      -0.060       0.067
Surv_gamma_x           0.982 0.047       0.890       1.074
gene1_alpha            1.197 0.138       0.927       1.467
Weibull_shape          3.023 0.101       2.831       3.227
Weibull_scale          9.644 0.625       8.493      10.950
                    Estimate    SE 95%CI_lower 95%CI_upper
gene1_fix_intercept   -0.004 0.011      -0.025       0.017
gene1_fix_year_1      -0.007 0.010      -0.026       0.012
gene1_fix_year_2       0.032 0.020      -0.008       0.072
gene1_fix_year_3       0.045 0.038      -0.030       0.120
Surv_gamma_x           1.067 0.048       0.974       1.160
gene1_alpha            1.051 0.135       0.787       1.316
Weibull_shape          2.984 0.097       2.800       3.181
Weibull_scale         10.848 0.651       9.644      12.203
                    Estimate    SE 95%CI_lower 95%CI_upper
gene1_fix_intercept    0.010 0.011      -0.012       0.031
gene1_fix_year_1      -0.014 0.009      -0.031       0.003
gene1_fix_year_2      -0.067 0.017      -0.100      -0.034
gene1_fix_year_3      -0.103 0.030      -0.162      -0.045
Surv_gamma_x           1.048 0.048       0.953       1.142
gene1_alpha            1.090 0.135       0.826       1.355
Weibull_shape          3.009 0.096       2.826       3.204
Weibull_scale         10.552 0.700       9.266      12.017
                    Estimate    SE 95%CI_lower 95%CI_upper
gene1_fix_intercept    0.004 0.011      -0.017       0.025
gene1_fix_year_1      -0.005 0.010      -0.025       0.014
gene1_fix_year_2      -0.063 0.023      -0.109      -0.018
gene1_fix_year_3      -0.114 0.044      -0.200      -0.028
Surv_gamma_x           0.928 0.046       0.839       1.018
gene1_alpha            1.228 0.136       0.962       1.495
Weibull_shape          3.019 0.096       2.836       3.213
Weibull_scale          8.972 0.548       7.959      10.114
                    Estimate    SE 95%CI_lower 95%CI_upper
gene1_fix_intercept   -0.021 0.011      -0.043       0.000
gene1_fix_year_1      -0.016 0.009      -0.033       0.002
gene1_fix_year_2      -0.092 0.018      -0.128      -0.056
gene1_fix_year_3      -0.167 0.034      -0.234      -0.100
Surv_gamma_x           0.946 0.046       0.855       1.037
gene1_alpha            1.190 0.134       0.926       1.453
Weibull_shape          3.015 0.100       2.825       3.218
Weibull_scale          9.094 0.557       8.065      10.255
                    Estimate    SE 95%CI_lower 95%CI_upper
gene1_fix_intercept    0.002 0.011      -0.019       0.023
gene1_fix_year_1      -0.025 0.009      -0.042      -0.008
gene1_fix_year_2      -0.055 0.018      -0.090      -0.021
gene1_fix_year_3      -0.085 0.032      -0.148      -0.021
Surv_gamma_x           0.973 0.048       0.878       1.068
gene1_alpha            1.058 0.134       0.796       1.320
Weibull_shape          2.954 0.096       2.772       3.147
Weibull_scale          9.792 0.631       8.630      11.111
                    Estimate    SE 95%CI_lower 95%CI_upper
gene1_fix_intercept   -0.001 0.011      -0.022       0.020
gene1_fix_year_1      -0.026 0.008      -0.042      -0.010
gene1_fix_year_2      -0.096 0.015      -0.125      -0.068
gene1_fix_year_3      -0.176 0.026      -0.226      -0.125
Surv_gamma_x           0.957 0.047       0.865       1.048
gene1_alpha            1.463 0.133       1.201       1.724
Weibull_shape          3.040 0.098       2.853       3.239
Weibull_scale          9.134 0.556       8.107      10.292
                    Estimate    SE 95%CI_lower 95%CI_upper
gene1_fix_intercept    0.002 0.011      -0.020       0.023
gene1_fix_year_1       0.000 0.010      -0.020       0.020
gene1_fix_year_2      -0.077 0.024      -0.124      -0.031
gene1_fix_year_3      -0.144 0.046      -0.234      -0.054
Surv_gamma_x           1.084 0.049       0.988       1.180
gene1_alpha            1.279 0.134       1.016       1.542
Weibull_shape          3.079 0.101       2.887       3.283
Weibull_scale         10.666 0.666       9.437      12.055
                    Estimate    SE 95%CI_lower 95%CI_upper
gene1_fix_intercept   -0.016 0.011      -0.036       0.005
gene1_fix_year_1       0.004 0.009      -0.013       0.020
gene1_fix_year_2      -0.088 0.016      -0.119      -0.057
gene1_fix_year_3      -0.168 0.028      -0.223      -0.113
Surv_gamma_x           1.005 0.049       0.910       1.100
gene1_alpha            1.122 0.131       0.865       1.379
Weibull_shape          3.150 0.102       2.957       3.355
Weibull_scale          9.435 0.612       8.310      10.714
                    Estimate    SE 95%CI_lower 95%CI_upper
gene1_fix_intercept    0.005 0.011      -0.017       0.027
gene1_fix_year_1       0.005 0.009      -0.014       0.023
gene1_fix_year_2      -0.031 0.020      -0.070       0.008
gene1_fix_year_3      -0.063 0.037      -0.135       0.009
Surv_gamma_x           0.985 0.047       0.893       1.077
gene1_alpha            0.911 0.128       0.660       1.163
Weibull_shape          2.929 0.094       2.750       3.120
Weibull_scale         10.341 0.643       9.154      11.682
                    Estimate    SE 95%CI_lower 95%CI_upper
gene1_fix_intercept    0.006 0.011      -0.015       0.027
gene1_fix_year_1      -0.025 0.010      -0.045      -0.006
gene1_fix_year_2      -0.122 0.024      -0.170      -0.075
gene1_fix_year_3      -0.228 0.046      -0.318      -0.137
Surv_gamma_x           1.022 0.047       0.929       1.115
gene1_alpha            1.262 0.135       0.998       1.526
Weibull_shape          3.063 0.102       2.870       3.269
Weibull_scale         10.056 0.638       8.880      11.388
                    Estimate    SE 95%CI_lower 95%CI_upper
gene1_fix_intercept   -0.006 0.011      -0.028       0.016
gene1_fix_year_1       0.010 0.009      -0.008       0.028
gene1_fix_year_2      -0.162 0.018      -0.197      -0.126
gene1_fix_year_3      -0.301 0.033      -0.366      -0.236
Surv_gamma_x           0.962 0.046       0.871       1.053
gene1_alpha            1.253 0.130       0.997       1.508
Weibull_shape          2.969 0.097       2.785       3.165
Weibull_scale          9.804 0.626       8.650      11.110
                    Estimate    SE 95%CI_lower 95%CI_upper
gene1_fix_intercept    0.006 0.011      -0.015       0.027
gene1_fix_year_1      -0.014 0.009      -0.031       0.003
gene1_fix_year_2      -0.062 0.016      -0.094      -0.031
gene1_fix_year_3      -0.103 0.029      -0.161      -0.046
Surv_gamma_x           0.983 0.046       0.893       1.073
gene1_alpha            0.903 0.136       0.637       1.170
Weibull_shape          2.913 0.094       2.734       3.104
Weibull_scale         10.121 0.636       8.948      11.448
                    Estimate    SE 95%CI_lower 95%CI_upper
gene1_fix_intercept   -0.006 0.011      -0.028       0.015
gene1_fix_year_1      -0.002 0.008      -0.018       0.014
gene1_fix_year_2      -0.099 0.016      -0.129      -0.068
gene1_fix_year_3      -0.177 0.027      -0.230      -0.123
Surv_gamma_x           0.944 0.045       0.855       1.032
gene1_alpha            1.263 0.133       1.002       1.524
Weibull_shape          3.037 0.098       2.850       3.235
Weibull_scale          9.209 0.559       8.176      10.373
                    Estimate    SE 95%CI_lower 95%CI_upper
gene1_fix_intercept   -0.008 0.011      -0.030       0.013
gene1_fix_year_1      -0.025 0.009      -0.043      -0.008
gene1_fix_year_2       0.003 0.017      -0.030       0.036
gene1_fix_year_3       0.011 0.030      -0.047       0.070
Surv_gamma_x           0.928 0.045       0.839       1.016
gene1_alpha            0.930 0.132       0.672       1.188
Weibull_shape          2.994 0.097       2.810       3.191
Weibull_scale          8.696 0.534       7.710       9.809
                    Estimate    SE 95%CI_lower 95%CI_upper
gene1_fix_intercept    0.006 0.011      -0.016       0.028
gene1_fix_year_1      -0.002 0.011      -0.023       0.019
gene1_fix_year_2      -0.248 0.027      -0.301      -0.194
gene1_fix_year_3      -0.469 0.053      -0.573      -0.365
Surv_gamma_x           0.989 0.049       0.892       1.085
gene1_alpha            0.953 0.126       0.706       1.200
Weibull_shape          2.992 0.098       2.807       3.190
Weibull_scale         10.124 0.665       8.901      11.515
                    Estimate    SE 95%CI_lower 95%CI_upper
gene1_fix_intercept    0.007 0.011      -0.014       0.028
gene1_fix_year_1       0.004 0.009      -0.013       0.022
gene1_fix_year_2      -0.076 0.017      -0.110      -0.042
gene1_fix_year_3      -0.140 0.031      -0.202      -0.079
Surv_gamma_x           1.024 0.048       0.929       1.119
gene1_alpha            0.976 0.119       0.743       1.210
Weibull_shape          2.922 0.093       2.744       3.110
Weibull_scale         10.808 0.728       9.472      12.332
starting task 100..
[1] "100"
[1] 100
                    Estimate    SE 95%CI_lower 95%CI_upper
gene1_fix_intercept    0.009 0.011      -0.013       0.030
gene1_fix_year_1      -0.027 0.009      -0.044      -0.010
gene1_fix_year_2      -0.059 0.017      -0.092      -0.026
gene1_fix_year_3      -0.077 0.030      -0.136      -0.018
Surv_gamma_x           1.028 0.048       0.934       1.123
gene1_alpha            1.073 0.133       0.812       1.334
Weibull_shape          3.134 0.104       2.936       3.345
Weibull_scale          9.798 0.610       8.673      11.069
all done
